2022-02-03T11:35:38+00:00 CRITICAL Uncaught TypeError: call_user_func(): Argument #1 ($callback) must be a valid callback, non-static method Astra_Builder_Header::header_woo_cart() cannot be called statically in A:\xamp\htdocs\wordpress\wordpress\wp-includes\customize\class-wp-customize-partial.php:221
Stack trace:
#0 A:\xamp\htdocs\wordpress\wordpress\wp-includes\customize\class-wp-customize-selective-refresh.php(371): WP_Customize_Partial->render(Array)
#1 A:\xamp\htdocs\wordpress\wordpress\wp-includes\class-wp-hook.php(307): WP_Customize_Selective_Refresh->handle_render_partials_request('')
#2 A:\xamp\htdocs\wordpress\wordpress\wp-includes\class-wp-hook.php(331): WP_Hook->apply_filters(NULL, Array)
#3 A:\xamp\htdocs\wordpress\wordpress\wp-includes\plugin.php(474): WP_Hook->do_action(Array)
#4 A:\xamp\htdocs\wordpress\wordpress\wp-includes\template-loader.php(13): do_action('template_redire...')
#5 A:\xamp\htdocs\wordpress\wordpress\wp-blog-header.php(19): require_once('A:\\xamp\\htdocs\\...')
#6 A:\xamp\htdocs\wordpress\wordpress\index.php(17): require('A:\\xamp\\htdocs\\...')
#7 {main}
  thrown in A:\xamp\htdocs\wordpress\wordpress\wp-includes\customize\class-wp-customize-partial.php on line 221

2022-02-03T11:35:51+00:00 CRITICAL Uncaught TypeError: call_user_func(): Argument #1 ($callback) must be a valid callback, non-static method Astra_Builder_Header::header_woo_cart() cannot be called statically in A:\xamp\htdocs\wordpress\wordpress\wp-includes\customize\class-wp-customize-partial.php:221
Stack trace:
#0 A:\xamp\htdocs\wordpress\wordpress\wp-includes\customize\class-wp-customize-selective-refresh.php(371): WP_Customize_Partial->render(Array)
#1 A:\xamp\htdocs\wordpress\wordpress\wp-includes\class-wp-hook.php(307): WP_Customize_Selective_Refresh->handle_render_partials_request('')
#2 A:\xamp\htdocs\wordpress\wordpress\wp-includes\class-wp-hook.php(331): WP_Hook->apply_filters(NULL, Array)
#3 A:\xamp\htdocs\wordpress\wordpress\wp-includes\plugin.php(474): WP_Hook->do_action(Array)
#4 A:\xamp\htdocs\wordpress\wordpress\wp-includes\template-loader.php(13): do_action('template_redire...')
#5 A:\xamp\htdocs\wordpress\wordpress\wp-blog-header.php(19): require_once('A:\\xamp\\htdocs\\...')
#6 A:\xamp\htdocs\wordpress\wordpress\index.php(17): require('A:\\xamp\\htdocs\\...')
#7 {main}
  thrown in A:\xamp\htdocs\wordpress\wordpress\wp-includes\customize\class-wp-customize-partial.php on line 221

2022-02-03T11:36:01+00:00 CRITICAL Uncaught TypeError: call_user_func(): Argument #1 ($callback) must be a valid callback, non-static method Astra_Builder_Header::header_woo_cart() cannot be called statically in A:\xamp\htdocs\wordpress\wordpress\wp-includes\customize\class-wp-customize-partial.php:221
Stack trace:
#0 A:\xamp\htdocs\wordpress\wordpress\wp-includes\customize\class-wp-customize-selective-refresh.php(371): WP_Customize_Partial->render(Array)
#1 A:\xamp\htdocs\wordpress\wordpress\wp-includes\class-wp-hook.php(307): WP_Customize_Selective_Refresh->handle_render_partials_request('')
#2 A:\xamp\htdocs\wordpress\wordpress\wp-includes\class-wp-hook.php(331): WP_Hook->apply_filters(NULL, Array)
#3 A:\xamp\htdocs\wordpress\wordpress\wp-includes\plugin.php(474): WP_Hook->do_action(Array)
#4 A:\xamp\htdocs\wordpress\wordpress\wp-includes\template-loader.php(13): do_action('template_redire...')
#5 A:\xamp\htdocs\wordpress\wordpress\wp-blog-header.php(19): require_once('A:\\xamp\\htdocs\\...')
#6 A:\xamp\htdocs\wordpress\wordpress\index.php(17): require('A:\\xamp\\htdocs\\...')
#7 {main}
  thrown in A:\xamp\htdocs\wordpress\wordpress\wp-includes\customize\class-wp-customize-partial.php on line 221

2022-02-03T11:36:02+00:00 CRITICAL Uncaught TypeError: call_user_func(): Argument #1 ($callback) must be a valid callback, non-static method Astra_Builder_Header::header_woo_cart() cannot be called statically in A:\xamp\htdocs\wordpress\wordpress\wp-includes\customize\class-wp-customize-partial.php:221
Stack trace:
#0 A:\xamp\htdocs\wordpress\wordpress\wp-includes\customize\class-wp-customize-selective-refresh.php(371): WP_Customize_Partial->render(Array)
#1 A:\xamp\htdocs\wordpress\wordpress\wp-includes\class-wp-hook.php(307): WP_Customize_Selective_Refresh->handle_render_partials_request('')
#2 A:\xamp\htdocs\wordpress\wordpress\wp-includes\class-wp-hook.php(331): WP_Hook->apply_filters(NULL, Array)
#3 A:\xamp\htdocs\wordpress\wordpress\wp-includes\plugin.php(474): WP_Hook->do_action(Array)
#4 A:\xamp\htdocs\wordpress\wordpress\wp-includes\template-loader.php(13): do_action('template_redire...')
#5 A:\xamp\htdocs\wordpress\wordpress\wp-blog-header.php(19): require_once('A:\\xamp\\htdocs\\...')
#6 A:\xamp\htdocs\wordpress\wordpress\index.php(17): require('A:\\xamp\\htdocs\\...')
#7 {main}
  thrown in A:\xamp\htdocs\wordpress\wordpress\wp-includes\customize\class-wp-customize-partial.php on line 221

