2022-02-04T13:26:36+00:00 CRITICAL Uncaught Exception: Invalid data: {"data":["Array","Array"],"element":"Array"} in A:\xamp\htdocs\wordpress\wordpress\wp-content\plugins\elementor\core\base\document.php:864
Stack trace:
#0 A:\xamp\htdocs\wordpress\wordpress\wp-content\plugins\astra-sites\inc\importers\batch-processing\class-astra-sites-batch-processing-elementor.php(122): Elementor\Core\Base\Document->get_elements_raw_data(Array, true)
#1 A:\xamp\htdocs\wordpress\wordpress\wp-content\plugins\astra-sites\inc\importers\batch-processing\class-astra-sites-batch-processing-elementor.php(66): Elementor\TemplateLibrary\Astra_Sites_Batch_Processing_Elementor->import_single_post(544)
#2 A:\xamp\htdocs\wordpress\wordpress\wp-content\plugins\astra-sites\inc\importers\batch-processing\helpers\class-wp-background-process-astra.php(41): Elementor\TemplateLibrary\Astra_Sites_Batch_Processing_Elementor->import()
#3 A:\xamp\htdocs\wordpress\wordpress\wp-content\plugins\woocommerce\includes\libraries\wp-background-process.php(301): WP_Background_Process_Astra->task(Object(Elementor\TemplateLibrary\Astra_Sites_Batch_Processing_Elementor))
#4 A:\xamp\htdocs\wordpress\wordpress\wp-content\plugins\woocommerce\includes\libraries\wp-background-process.php(175): WP_Background_Process->handle()
#5 A:\xamp\htdocs\wordpress\wordpress\wp-includes\class-wp-hook.php(307): WP_Background_Process->maybe_handle('')
#6 A:\xamp\htdocs\wordpress\wordpress\wp-includes\class-wp-hook.php(331): WP_Hook->apply_filters('', Array)
#7 A:\xamp\htdocs\wordpress\wordpress\wp-includes\plugin.php(474): WP_Hook->do_action(Array)
#8 A:\xamp\htdocs\wordpress\wordpress\wp-admin\admin-ajax.php(187): do_action('wp_ajax_wp_imag...')
#9 {main}
  thrown in A:\xamp\htdocs\wordpress\wordpress\wp-content\plugins\elementor\core\base\document.php on line 864

2022-02-04T13:31:57+00:00 CRITICAL Uncaught Exception: Invalid data: {"data":["Array","Array"],"element":"Array"} in A:\xamp\htdocs\wordpress\wordpress\wp-content\plugins\elementor\core\base\document.php:864
Stack trace:
#0 A:\xamp\htdocs\wordpress\wordpress\wp-content\plugins\astra-sites\inc\importers\batch-processing\class-astra-sites-batch-processing-elementor.php(122): Elementor\Core\Base\Document->get_elements_raw_data(Array, true)
#1 A:\xamp\htdocs\wordpress\wordpress\wp-content\plugins\astra-sites\inc\importers\batch-processing\class-astra-sites-batch-processing-elementor.php(66): Elementor\TemplateLibrary\Astra_Sites_Batch_Processing_Elementor->import_single_post(544)
#2 A:\xamp\htdocs\wordpress\wordpress\wp-content\plugins\astra-sites\inc\importers\batch-processing\helpers\class-wp-background-process-astra.php(41): Elementor\TemplateLibrary\Astra_Sites_Batch_Processing_Elementor->import()
#3 A:\xamp\htdocs\wordpress\wordpress\wp-content\plugins\woocommerce\includes\libraries\wp-background-process.php(301): WP_Background_Process_Astra->task(Object(Elementor\TemplateLibrary\Astra_Sites_Batch_Processing_Elementor))
#4 A:\xamp\htdocs\wordpress\wordpress\wp-content\plugins\woocommerce\includes\libraries\wp-background-process.php(447): WP_Background_Process->handle()
#5 A:\xamp\htdocs\wordpress\wordpress\wp-includes\class-wp-hook.php(307): WP_Background_Process->handle_cron_healthcheck()
#6 A:\xamp\htdocs\wordpress\wordpress\wp-includes\class-wp-hook.php(331): WP_Hook->apply_filters('', Array)
#7 A:\xamp\htdocs\wordpress\wordpress\wp-includes\plugin.php(522): WP_Hook->do_action(Array)
#8 A:\xamp\htdocs\wordpress\wordpress\wp-cron.php(138): do_action_ref_array('wp_image_proces...', Array)
#9 {main}
  thrown in A:\xamp\htdocs\wordpress\wordpress\wp-content\plugins\elementor\core\base\document.php on line 864

2022-02-04T13:38:17+00:00 CRITICAL Uncaught Exception: Invalid data: {"data":["Array","Array"],"element":"Array"} in A:\xamp\htdocs\wordpress\wordpress\wp-content\plugins\elementor\core\base\document.php:864
Stack trace:
#0 A:\xamp\htdocs\wordpress\wordpress\wp-content\plugins\astra-sites\inc\importers\batch-processing\class-astra-sites-batch-processing-elementor.php(122): Elementor\Core\Base\Document->get_elements_raw_data(Array, true)
#1 A:\xamp\htdocs\wordpress\wordpress\wp-content\plugins\astra-sites\inc\importers\batch-processing\class-astra-sites-batch-processing-elementor.php(66): Elementor\TemplateLibrary\Astra_Sites_Batch_Processing_Elementor->import_single_post(544)
#2 A:\xamp\htdocs\wordpress\wordpress\wp-content\plugins\astra-sites\inc\importers\batch-processing\helpers\class-wp-background-process-astra.php(41): Elementor\TemplateLibrary\Astra_Sites_Batch_Processing_Elementor->import()
#3 A:\xamp\htdocs\wordpress\wordpress\wp-content\plugins\woocommerce\includes\libraries\wp-background-process.php(301): WP_Background_Process_Astra->task(Object(Elementor\TemplateLibrary\Astra_Sites_Batch_Processing_Elementor))
#4 A:\xamp\htdocs\wordpress\wordpress\wp-content\plugins\woocommerce\includes\libraries\wp-background-process.php(447): WP_Background_Process->handle()
#5 A:\xamp\htdocs\wordpress\wordpress\wp-includes\class-wp-hook.php(307): WP_Background_Process->handle_cron_healthcheck()
#6 A:\xamp\htdocs\wordpress\wordpress\wp-includes\class-wp-hook.php(331): WP_Hook->apply_filters('', Array)
#7 A:\xamp\htdocs\wordpress\wordpress\wp-includes\plugin.php(522): WP_Hook->do_action(Array)
#8 A:\xamp\htdocs\wordpress\wordpress\wp-cron.php(138): do_action_ref_array('wp_image_proces...', Array)
#9 {main}
  thrown in A:\xamp\htdocs\wordpress\wordpress\wp-content\plugins\elementor\core\base\document.php on line 864

2022-02-04T13:42:04+00:00 CRITICAL Uncaught Exception: Invalid data: {"data":["Array","Array"],"element":"Array"} in A:\xamp\htdocs\wordpress\wordpress\wp-content\plugins\elementor\core\base\document.php:864
Stack trace:
#0 A:\xamp\htdocs\wordpress\wordpress\wp-content\plugins\astra-sites\inc\importers\batch-processing\class-astra-sites-batch-processing-elementor.php(122): Elementor\Core\Base\Document->get_elements_raw_data(Array, true)
#1 A:\xamp\htdocs\wordpress\wordpress\wp-content\plugins\astra-sites\inc\importers\batch-processing\class-astra-sites-batch-processing-elementor.php(66): Elementor\TemplateLibrary\Astra_Sites_Batch_Processing_Elementor->import_single_post(544)
#2 A:\xamp\htdocs\wordpress\wordpress\wp-content\plugins\astra-sites\inc\importers\batch-processing\helpers\class-wp-background-process-astra.php(41): Elementor\TemplateLibrary\Astra_Sites_Batch_Processing_Elementor->import()
#3 A:\xamp\htdocs\wordpress\wordpress\wp-content\plugins\woocommerce\includes\libraries\wp-background-process.php(301): WP_Background_Process_Astra->task(Object(Elementor\TemplateLibrary\Astra_Sites_Batch_Processing_Elementor))
#4 A:\xamp\htdocs\wordpress\wordpress\wp-content\plugins\woocommerce\includes\libraries\wp-background-process.php(447): WP_Background_Process->handle()
#5 A:\xamp\htdocs\wordpress\wordpress\wp-includes\class-wp-hook.php(307): WP_Background_Process->handle_cron_healthcheck()
#6 A:\xamp\htdocs\wordpress\wordpress\wp-includes\class-wp-hook.php(331): WP_Hook->apply_filters('', Array)
#7 A:\xamp\htdocs\wordpress\wordpress\wp-includes\plugin.php(522): WP_Hook->do_action(Array)
#8 A:\xamp\htdocs\wordpress\wordpress\wp-cron.php(138): do_action_ref_array('wp_image_proces...', Array)
#9 {main}
  thrown in A:\xamp\htdocs\wordpress\wordpress\wp-content\plugins\elementor\core\base\document.php on line 864

2022-02-04T13:58:34+00:00 CRITICAL Uncaught Exception: Invalid data: {"data":["Array","Array"],"element":"Array"} in A:\xamp\htdocs\wordpress\wordpress\wp-content\plugins\elementor\core\base\document.php:864
Stack trace:
#0 A:\xamp\htdocs\wordpress\wordpress\wp-content\plugins\astra-sites\inc\importers\batch-processing\class-astra-sites-batch-processing-elementor.php(122): Elementor\Core\Base\Document->get_elements_raw_data(Array, true)
#1 A:\xamp\htdocs\wordpress\wordpress\wp-content\plugins\astra-sites\inc\importers\batch-processing\class-astra-sites-batch-processing-elementor.php(66): Elementor\TemplateLibrary\Astra_Sites_Batch_Processing_Elementor->import_single_post(544)
#2 A:\xamp\htdocs\wordpress\wordpress\wp-content\plugins\astra-sites\inc\importers\batch-processing\helpers\class-wp-background-process-astra.php(41): Elementor\TemplateLibrary\Astra_Sites_Batch_Processing_Elementor->import()
#3 A:\xamp\htdocs\wordpress\wordpress\wp-content\plugins\woocommerce\includes\libraries\wp-background-process.php(301): WP_Background_Process_Astra->task(Object(Elementor\TemplateLibrary\Astra_Sites_Batch_Processing_Elementor))
#4 A:\xamp\htdocs\wordpress\wordpress\wp-content\plugins\woocommerce\includes\libraries\wp-background-process.php(447): WP_Background_Process->handle()
#5 A:\xamp\htdocs\wordpress\wordpress\wp-includes\class-wp-hook.php(307): WP_Background_Process->handle_cron_healthcheck()
#6 A:\xamp\htdocs\wordpress\wordpress\wp-includes\class-wp-hook.php(331): WP_Hook->apply_filters('', Array)
#7 A:\xamp\htdocs\wordpress\wordpress\wp-includes\plugin.php(522): WP_Hook->do_action(Array)
#8 A:\xamp\htdocs\wordpress\wordpress\wp-cron.php(138): do_action_ref_array('wp_image_proces...', Array)
#9 {main}
  thrown in A:\xamp\htdocs\wordpress\wordpress\wp-content\plugins\elementor\core\base\document.php on line 864

2022-02-04T14:02:35+00:00 CRITICAL Uncaught Exception: Invalid data: {"data":["Array","Array"],"element":"Array"} in A:\xamp\htdocs\wordpress\wordpress\wp-content\plugins\elementor\core\base\document.php:864
Stack trace:
#0 A:\xamp\htdocs\wordpress\wordpress\wp-content\plugins\astra-sites\inc\importers\batch-processing\class-astra-sites-batch-processing-elementor.php(122): Elementor\Core\Base\Document->get_elements_raw_data(Array, true)
#1 A:\xamp\htdocs\wordpress\wordpress\wp-content\plugins\astra-sites\inc\importers\batch-processing\class-astra-sites-batch-processing-elementor.php(66): Elementor\TemplateLibrary\Astra_Sites_Batch_Processing_Elementor->import_single_post(544)
#2 A:\xamp\htdocs\wordpress\wordpress\wp-content\plugins\astra-sites\inc\importers\batch-processing\helpers\class-wp-background-process-astra.php(41): Elementor\TemplateLibrary\Astra_Sites_Batch_Processing_Elementor->import()
#3 A:\xamp\htdocs\wordpress\wordpress\wp-content\plugins\woocommerce\includes\libraries\wp-background-process.php(301): WP_Background_Process_Astra->task(Object(Elementor\TemplateLibrary\Astra_Sites_Batch_Processing_Elementor))
#4 A:\xamp\htdocs\wordpress\wordpress\wp-content\plugins\woocommerce\includes\libraries\wp-background-process.php(447): WP_Background_Process->handle()
#5 A:\xamp\htdocs\wordpress\wordpress\wp-includes\class-wp-hook.php(307): WP_Background_Process->handle_cron_healthcheck()
#6 A:\xamp\htdocs\wordpress\wordpress\wp-includes\class-wp-hook.php(331): WP_Hook->apply_filters('', Array)
#7 A:\xamp\htdocs\wordpress\wordpress\wp-includes\plugin.php(522): WP_Hook->do_action(Array)
#8 A:\xamp\htdocs\wordpress\wordpress\wp-cron.php(138): do_action_ref_array('wp_image_proces...', Array)
#9 {main}
  thrown in A:\xamp\htdocs\wordpress\wordpress\wp-content\plugins\elementor\core\base\document.php on line 864

2022-02-04T14:06:36+00:00 CRITICAL Uncaught Exception: Invalid data: {"data":["Array","Array"],"element":"Array"} in A:\xamp\htdocs\wordpress\wordpress\wp-content\plugins\elementor\core\base\document.php:864
Stack trace:
#0 A:\xamp\htdocs\wordpress\wordpress\wp-content\plugins\astra-sites\inc\importers\batch-processing\class-astra-sites-batch-processing-elementor.php(122): Elementor\Core\Base\Document->get_elements_raw_data(Array, true)
#1 A:\xamp\htdocs\wordpress\wordpress\wp-content\plugins\astra-sites\inc\importers\batch-processing\class-astra-sites-batch-processing-elementor.php(66): Elementor\TemplateLibrary\Astra_Sites_Batch_Processing_Elementor->import_single_post(544)
#2 A:\xamp\htdocs\wordpress\wordpress\wp-content\plugins\astra-sites\inc\importers\batch-processing\helpers\class-wp-background-process-astra.php(41): Elementor\TemplateLibrary\Astra_Sites_Batch_Processing_Elementor->import()
#3 A:\xamp\htdocs\wordpress\wordpress\wp-content\plugins\woocommerce\includes\libraries\wp-background-process.php(301): WP_Background_Process_Astra->task(Object(Elementor\TemplateLibrary\Astra_Sites_Batch_Processing_Elementor))
#4 A:\xamp\htdocs\wordpress\wordpress\wp-content\plugins\woocommerce\includes\libraries\wp-background-process.php(447): WP_Background_Process->handle()
#5 A:\xamp\htdocs\wordpress\wordpress\wp-includes\class-wp-hook.php(307): WP_Background_Process->handle_cron_healthcheck()
#6 A:\xamp\htdocs\wordpress\wordpress\wp-includes\class-wp-hook.php(331): WP_Hook->apply_filters('', Array)
#7 A:\xamp\htdocs\wordpress\wordpress\wp-includes\plugin.php(522): WP_Hook->do_action(Array)
#8 A:\xamp\htdocs\wordpress\wordpress\wp-cron.php(138): do_action_ref_array('wp_image_proces...', Array)
#9 {main}
  thrown in A:\xamp\htdocs\wordpress\wordpress\wp-content\plugins\elementor\core\base\document.php on line 864

2022-02-04T14:27:09+00:00 CRITICAL Uncaught Exception: Invalid data: {"data":["Array","Array"],"element":"Array"} in A:\xamp\htdocs\wordpress\wordpress\wp-content\plugins\elementor\core\base\document.php:864
Stack trace:
#0 A:\xamp\htdocs\wordpress\wordpress\wp-content\plugins\astra-sites\inc\importers\batch-processing\class-astra-sites-batch-processing-elementor.php(122): Elementor\Core\Base\Document->get_elements_raw_data(Array, true)
#1 A:\xamp\htdocs\wordpress\wordpress\wp-content\plugins\astra-sites\inc\importers\batch-processing\class-astra-sites-batch-processing-elementor.php(66): Elementor\TemplateLibrary\Astra_Sites_Batch_Processing_Elementor->import_single_post(544)
#2 A:\xamp\htdocs\wordpress\wordpress\wp-content\plugins\astra-sites\inc\importers\batch-processing\helpers\class-wp-background-process-astra.php(41): Elementor\TemplateLibrary\Astra_Sites_Batch_Processing_Elementor->import()
#3 A:\xamp\htdocs\wordpress\wordpress\wp-content\plugins\woocommerce\includes\libraries\wp-background-process.php(301): WP_Background_Process_Astra->task(Object(Elementor\TemplateLibrary\Astra_Sites_Batch_Processing_Elementor))
#4 A:\xamp\htdocs\wordpress\wordpress\wp-content\plugins\woocommerce\includes\libraries\wp-background-process.php(447): WP_Background_Process->handle()
#5 A:\xamp\htdocs\wordpress\wordpress\wp-includes\class-wp-hook.php(307): WP_Background_Process->handle_cron_healthcheck()
#6 A:\xamp\htdocs\wordpress\wordpress\wp-includes\class-wp-hook.php(331): WP_Hook->apply_filters('', Array)
#7 A:\xamp\htdocs\wordpress\wordpress\wp-includes\plugin.php(522): WP_Hook->do_action(Array)
#8 A:\xamp\htdocs\wordpress\wordpress\wp-cron.php(138): do_action_ref_array('wp_image_proces...', Array)
#9 {main}
  thrown in A:\xamp\htdocs\wordpress\wordpress\wp-content\plugins\elementor\core\base\document.php on line 864

2022-02-04T14:33:26+00:00 CRITICAL Uncaught Exception: Invalid data: {"data":["Array","Array"],"element":"Array"} in A:\xamp\htdocs\wordpress\wordpress\wp-content\plugins\elementor\core\base\document.php:864
Stack trace:
#0 A:\xamp\htdocs\wordpress\wordpress\wp-content\plugins\astra-sites\inc\importers\batch-processing\class-astra-sites-batch-processing-elementor.php(122): Elementor\Core\Base\Document->get_elements_raw_data(Array, true)
#1 A:\xamp\htdocs\wordpress\wordpress\wp-content\plugins\astra-sites\inc\importers\batch-processing\class-astra-sites-batch-processing-elementor.php(66): Elementor\TemplateLibrary\Astra_Sites_Batch_Processing_Elementor->import_single_post(544)
#2 A:\xamp\htdocs\wordpress\wordpress\wp-content\plugins\astra-sites\inc\importers\batch-processing\helpers\class-wp-background-process-astra.php(41): Elementor\TemplateLibrary\Astra_Sites_Batch_Processing_Elementor->import()
#3 A:\xamp\htdocs\wordpress\wordpress\wp-content\plugins\woocommerce\includes\libraries\wp-background-process.php(301): WP_Background_Process_Astra->task(Object(Elementor\TemplateLibrary\Astra_Sites_Batch_Processing_Elementor))
#4 A:\xamp\htdocs\wordpress\wordpress\wp-content\plugins\woocommerce\includes\libraries\wp-background-process.php(447): WP_Background_Process->handle()
#5 A:\xamp\htdocs\wordpress\wordpress\wp-includes\class-wp-hook.php(307): WP_Background_Process->handle_cron_healthcheck()
#6 A:\xamp\htdocs\wordpress\wordpress\wp-includes\class-wp-hook.php(331): WP_Hook->apply_filters('', Array)
#7 A:\xamp\htdocs\wordpress\wordpress\wp-includes\plugin.php(522): WP_Hook->do_action(Array)
#8 A:\xamp\htdocs\wordpress\wordpress\wp-cron.php(138): do_action_ref_array('wp_image_proces...', Array)
#9 {main}
  thrown in A:\xamp\htdocs\wordpress\wordpress\wp-content\plugins\elementor\core\base\document.php on line 864

2022-02-04T15:09:34+00:00 CRITICAL Uncaught Exception: Invalid data: {"data":["Array","Array"],"element":"Array"} in A:\xamp\htdocs\wordpress\wordpress\wp-content\plugins\elementor\core\base\document.php:864
Stack trace:
#0 A:\xamp\htdocs\wordpress\wordpress\wp-content\plugins\astra-sites\inc\importers\batch-processing\class-astra-sites-batch-processing-elementor.php(122): Elementor\Core\Base\Document->get_elements_raw_data(Array, true)
#1 A:\xamp\htdocs\wordpress\wordpress\wp-content\plugins\astra-sites\inc\importers\batch-processing\class-astra-sites-batch-processing-elementor.php(66): Elementor\TemplateLibrary\Astra_Sites_Batch_Processing_Elementor->import_single_post(544)
#2 A:\xamp\htdocs\wordpress\wordpress\wp-content\plugins\astra-sites\inc\importers\batch-processing\helpers\class-wp-background-process-astra.php(41): Elementor\TemplateLibrary\Astra_Sites_Batch_Processing_Elementor->import()
#3 A:\xamp\htdocs\wordpress\wordpress\wp-content\plugins\woocommerce\includes\libraries\wp-background-process.php(301): WP_Background_Process_Astra->task(Object(Elementor\TemplateLibrary\Astra_Sites_Batch_Processing_Elementor))
#4 A:\xamp\htdocs\wordpress\wordpress\wp-content\plugins\woocommerce\includes\libraries\wp-background-process.php(447): WP_Background_Process->handle()
#5 A:\xamp\htdocs\wordpress\wordpress\wp-includes\class-wp-hook.php(307): WP_Background_Process->handle_cron_healthcheck()
#6 A:\xamp\htdocs\wordpress\wordpress\wp-includes\class-wp-hook.php(331): WP_Hook->apply_filters('', Array)
#7 A:\xamp\htdocs\wordpress\wordpress\wp-includes\plugin.php(522): WP_Hook->do_action(Array)
#8 A:\xamp\htdocs\wordpress\wordpress\wp-cron.php(138): do_action_ref_array('wp_image_proces...', Array)
#9 {main}
  thrown in A:\xamp\htdocs\wordpress\wordpress\wp-content\plugins\elementor\core\base\document.php on line 864

2022-02-04T15:25:29+00:00 CRITICAL Uncaught Exception: Invalid data: {"data":["Array","Array"],"element":"Array"} in A:\xamp\htdocs\wordpress\wordpress\wp-content\plugins\elementor\core\base\document.php:864
Stack trace:
#0 A:\xamp\htdocs\wordpress\wordpress\wp-content\plugins\astra-sites\inc\importers\batch-processing\class-astra-sites-batch-processing-elementor.php(122): Elementor\Core\Base\Document->get_elements_raw_data(Array, true)
#1 A:\xamp\htdocs\wordpress\wordpress\wp-content\plugins\astra-sites\inc\importers\batch-processing\class-astra-sites-batch-processing-elementor.php(66): Elementor\TemplateLibrary\Astra_Sites_Batch_Processing_Elementor->import_single_post(544)
#2 A:\xamp\htdocs\wordpress\wordpress\wp-content\plugins\astra-sites\inc\importers\batch-processing\helpers\class-wp-background-process-astra.php(41): Elementor\TemplateLibrary\Astra_Sites_Batch_Processing_Elementor->import()
#3 A:\xamp\htdocs\wordpress\wordpress\wp-content\plugins\woocommerce\includes\libraries\wp-background-process.php(301): WP_Background_Process_Astra->task(Object(Elementor\TemplateLibrary\Astra_Sites_Batch_Processing_Elementor))
#4 A:\xamp\htdocs\wordpress\wordpress\wp-content\plugins\woocommerce\includes\libraries\wp-background-process.php(447): WP_Background_Process->handle()
#5 A:\xamp\htdocs\wordpress\wordpress\wp-includes\class-wp-hook.php(307): WP_Background_Process->handle_cron_healthcheck()
#6 A:\xamp\htdocs\wordpress\wordpress\wp-includes\class-wp-hook.php(331): WP_Hook->apply_filters('', Array)
#7 A:\xamp\htdocs\wordpress\wordpress\wp-includes\plugin.php(522): WP_Hook->do_action(Array)
#8 A:\xamp\htdocs\wordpress\wordpress\wp-cron.php(138): do_action_ref_array('wp_image_proces...', Array)
#9 {main}
  thrown in A:\xamp\htdocs\wordpress\wordpress\wp-content\plugins\elementor\core\base\document.php on line 864

2022-02-04T15:26:30+00:00 CRITICAL Uncaught Exception: Invalid data: {"data":["Array","Array"],"element":"Array"} in A:\xamp\htdocs\wordpress\wordpress\wp-content\plugins\elementor\core\base\document.php:864
Stack trace:
#0 A:\xamp\htdocs\wordpress\wordpress\wp-content\plugins\astra-sites\inc\importers\batch-processing\class-astra-sites-batch-processing-elementor.php(122): Elementor\Core\Base\Document->get_elements_raw_data(Array, true)
#1 A:\xamp\htdocs\wordpress\wordpress\wp-content\plugins\astra-sites\inc\importers\batch-processing\class-astra-sites-batch-processing-elementor.php(66): Elementor\TemplateLibrary\Astra_Sites_Batch_Processing_Elementor->import_single_post(544)
#2 A:\xamp\htdocs\wordpress\wordpress\wp-content\plugins\astra-sites\inc\importers\batch-processing\helpers\class-wp-background-process-astra.php(41): Elementor\TemplateLibrary\Astra_Sites_Batch_Processing_Elementor->import()
#3 A:\xamp\htdocs\wordpress\wordpress\wp-content\plugins\woocommerce\includes\libraries\wp-background-process.php(301): WP_Background_Process_Astra->task(Object(Elementor\TemplateLibrary\Astra_Sites_Batch_Processing_Elementor))
#4 A:\xamp\htdocs\wordpress\wordpress\wp-content\plugins\woocommerce\includes\libraries\wp-background-process.php(447): WP_Background_Process->handle()
#5 A:\xamp\htdocs\wordpress\wordpress\wp-includes\class-wp-hook.php(307): WP_Background_Process->handle_cron_healthcheck()
#6 A:\xamp\htdocs\wordpress\wordpress\wp-includes\class-wp-hook.php(331): WP_Hook->apply_filters('', Array)
#7 A:\xamp\htdocs\wordpress\wordpress\wp-includes\plugin.php(522): WP_Hook->do_action(Array)
#8 A:\xamp\htdocs\wordpress\wordpress\wp-cron.php(138): do_action_ref_array('wp_image_proces...', Array)
#9 {main}
  thrown in A:\xamp\htdocs\wordpress\wordpress\wp-content\plugins\elementor\core\base\document.php on line 864

2022-02-04T15:33:11+00:00 CRITICAL Uncaught Exception: Invalid data: {"data":["Array","Array"],"element":"Array"} in A:\xamp\htdocs\wordpress\wordpress\wp-content\plugins\elementor\core\base\document.php:864
Stack trace:
#0 A:\xamp\htdocs\wordpress\wordpress\wp-content\plugins\astra-sites\inc\importers\batch-processing\class-astra-sites-batch-processing-elementor.php(122): Elementor\Core\Base\Document->get_elements_raw_data(Array, true)
#1 A:\xamp\htdocs\wordpress\wordpress\wp-content\plugins\astra-sites\inc\importers\batch-processing\class-astra-sites-batch-processing-elementor.php(66): Elementor\TemplateLibrary\Astra_Sites_Batch_Processing_Elementor->import_single_post(544)
#2 A:\xamp\htdocs\wordpress\wordpress\wp-content\plugins\astra-sites\inc\importers\batch-processing\helpers\class-wp-background-process-astra.php(41): Elementor\TemplateLibrary\Astra_Sites_Batch_Processing_Elementor->import()
#3 A:\xamp\htdocs\wordpress\wordpress\wp-content\plugins\woocommerce\includes\libraries\wp-background-process.php(301): WP_Background_Process_Astra->task(Object(Elementor\TemplateLibrary\Astra_Sites_Batch_Processing_Elementor))
#4 A:\xamp\htdocs\wordpress\wordpress\wp-content\plugins\woocommerce\includes\libraries\wp-background-process.php(447): WP_Background_Process->handle()
#5 A:\xamp\htdocs\wordpress\wordpress\wp-includes\class-wp-hook.php(307): WP_Background_Process->handle_cron_healthcheck()
#6 A:\xamp\htdocs\wordpress\wordpress\wp-includes\class-wp-hook.php(331): WP_Hook->apply_filters('', Array)
#7 A:\xamp\htdocs\wordpress\wordpress\wp-includes\plugin.php(522): WP_Hook->do_action(Array)
#8 A:\xamp\htdocs\wordpress\wordpress\wp-cron.php(138): do_action_ref_array('wp_image_proces...', Array)
#9 {main}
  thrown in A:\xamp\htdocs\wordpress\wordpress\wp-content\plugins\elementor\core\base\document.php on line 864

2022-02-04T15:37:14+00:00 CRITICAL Uncaught Exception: Invalid data: {"data":["Array","Array"],"element":"Array"} in A:\xamp\htdocs\wordpress\wordpress\wp-content\plugins\elementor\core\base\document.php:864
Stack trace:
#0 A:\xamp\htdocs\wordpress\wordpress\wp-content\plugins\astra-sites\inc\importers\batch-processing\class-astra-sites-batch-processing-elementor.php(122): Elementor\Core\Base\Document->get_elements_raw_data(Array, true)
#1 A:\xamp\htdocs\wordpress\wordpress\wp-content\plugins\astra-sites\inc\importers\batch-processing\class-astra-sites-batch-processing-elementor.php(66): Elementor\TemplateLibrary\Astra_Sites_Batch_Processing_Elementor->import_single_post(544)
#2 A:\xamp\htdocs\wordpress\wordpress\wp-content\plugins\astra-sites\inc\importers\batch-processing\helpers\class-wp-background-process-astra.php(41): Elementor\TemplateLibrary\Astra_Sites_Batch_Processing_Elementor->import()
#3 A:\xamp\htdocs\wordpress\wordpress\wp-content\plugins\woocommerce\includes\libraries\wp-background-process.php(301): WP_Background_Process_Astra->task(Object(Elementor\TemplateLibrary\Astra_Sites_Batch_Processing_Elementor))
#4 A:\xamp\htdocs\wordpress\wordpress\wp-content\plugins\woocommerce\includes\libraries\wp-background-process.php(447): WP_Background_Process->handle()
#5 A:\xamp\htdocs\wordpress\wordpress\wp-includes\class-wp-hook.php(307): WP_Background_Process->handle_cron_healthcheck()
#6 A:\xamp\htdocs\wordpress\wordpress\wp-includes\class-wp-hook.php(331): WP_Hook->apply_filters('', Array)
#7 A:\xamp\htdocs\wordpress\wordpress\wp-includes\plugin.php(522): WP_Hook->do_action(Array)
#8 A:\xamp\htdocs\wordpress\wordpress\wp-cron.php(138): do_action_ref_array('wp_image_proces...', Array)
#9 {main}
  thrown in A:\xamp\htdocs\wordpress\wordpress\wp-content\plugins\elementor\core\base\document.php on line 864

2022-02-04T15:41:32+00:00 CRITICAL Uncaught Exception: Invalid data: {"data":["Array","Array"],"element":"Array"} in A:\xamp\htdocs\wordpress\wordpress\wp-content\plugins\elementor\core\base\document.php:864
Stack trace:
#0 A:\xamp\htdocs\wordpress\wordpress\wp-content\plugins\astra-sites\inc\importers\batch-processing\class-astra-sites-batch-processing-elementor.php(122): Elementor\Core\Base\Document->get_elements_raw_data(Array, true)
#1 A:\xamp\htdocs\wordpress\wordpress\wp-content\plugins\astra-sites\inc\importers\batch-processing\class-astra-sites-batch-processing-elementor.php(66): Elementor\TemplateLibrary\Astra_Sites_Batch_Processing_Elementor->import_single_post(544)
#2 A:\xamp\htdocs\wordpress\wordpress\wp-content\plugins\astra-sites\inc\importers\batch-processing\helpers\class-wp-background-process-astra.php(41): Elementor\TemplateLibrary\Astra_Sites_Batch_Processing_Elementor->import()
#3 A:\xamp\htdocs\wordpress\wordpress\wp-content\plugins\woocommerce\includes\libraries\wp-background-process.php(301): WP_Background_Process_Astra->task(Object(Elementor\TemplateLibrary\Astra_Sites_Batch_Processing_Elementor))
#4 A:\xamp\htdocs\wordpress\wordpress\wp-content\plugins\woocommerce\includes\libraries\wp-background-process.php(447): WP_Background_Process->handle()
#5 A:\xamp\htdocs\wordpress\wordpress\wp-includes\class-wp-hook.php(307): WP_Background_Process->handle_cron_healthcheck()
#6 A:\xamp\htdocs\wordpress\wordpress\wp-includes\class-wp-hook.php(331): WP_Hook->apply_filters('', Array)
#7 A:\xamp\htdocs\wordpress\wordpress\wp-includes\plugin.php(522): WP_Hook->do_action(Array)
#8 A:\xamp\htdocs\wordpress\wordpress\wp-cron.php(138): do_action_ref_array('wp_image_proces...', Array)
#9 {main}
  thrown in A:\xamp\htdocs\wordpress\wordpress\wp-content\plugins\elementor\core\base\document.php on line 864

2022-02-04T15:47:31+00:00 CRITICAL Uncaught Exception: Invalid data: {"data":["Array","Array"],"element":"Array"} in A:\xamp\htdocs\wordpress\wordpress\wp-content\plugins\elementor\core\base\document.php:864
Stack trace:
#0 A:\xamp\htdocs\wordpress\wordpress\wp-content\plugins\astra-sites\inc\importers\batch-processing\class-astra-sites-batch-processing-elementor.php(122): Elementor\Core\Base\Document->get_elements_raw_data(Array, true)
#1 A:\xamp\htdocs\wordpress\wordpress\wp-content\plugins\astra-sites\inc\importers\batch-processing\class-astra-sites-batch-processing-elementor.php(66): Elementor\TemplateLibrary\Astra_Sites_Batch_Processing_Elementor->import_single_post(544)
#2 A:\xamp\htdocs\wordpress\wordpress\wp-content\plugins\astra-sites\inc\importers\batch-processing\helpers\class-wp-background-process-astra.php(41): Elementor\TemplateLibrary\Astra_Sites_Batch_Processing_Elementor->import()
#3 A:\xamp\htdocs\wordpress\wordpress\wp-content\plugins\woocommerce\includes\libraries\wp-background-process.php(301): WP_Background_Process_Astra->task(Object(Elementor\TemplateLibrary\Astra_Sites_Batch_Processing_Elementor))
#4 A:\xamp\htdocs\wordpress\wordpress\wp-content\plugins\woocommerce\includes\libraries\wp-background-process.php(447): WP_Background_Process->handle()
#5 A:\xamp\htdocs\wordpress\wordpress\wp-includes\class-wp-hook.php(307): WP_Background_Process->handle_cron_healthcheck()
#6 A:\xamp\htdocs\wordpress\wordpress\wp-includes\class-wp-hook.php(331): WP_Hook->apply_filters('', Array)
#7 A:\xamp\htdocs\wordpress\wordpress\wp-includes\plugin.php(522): WP_Hook->do_action(Array)
#8 A:\xamp\htdocs\wordpress\wordpress\wp-cron.php(138): do_action_ref_array('wp_image_proces...', Array)
#9 {main}
  thrown in A:\xamp\htdocs\wordpress\wordpress\wp-content\plugins\elementor\core\base\document.php on line 864

2022-02-04T15:51:32+00:00 CRITICAL Uncaught Exception: Invalid data: {"data":["Array","Array"],"element":"Array"} in A:\xamp\htdocs\wordpress\wordpress\wp-content\plugins\elementor\core\base\document.php:864
Stack trace:
#0 A:\xamp\htdocs\wordpress\wordpress\wp-content\plugins\astra-sites\inc\importers\batch-processing\class-astra-sites-batch-processing-elementor.php(122): Elementor\Core\Base\Document->get_elements_raw_data(Array, true)
#1 A:\xamp\htdocs\wordpress\wordpress\wp-content\plugins\astra-sites\inc\importers\batch-processing\class-astra-sites-batch-processing-elementor.php(66): Elementor\TemplateLibrary\Astra_Sites_Batch_Processing_Elementor->import_single_post(544)
#2 A:\xamp\htdocs\wordpress\wordpress\wp-content\plugins\astra-sites\inc\importers\batch-processing\helpers\class-wp-background-process-astra.php(41): Elementor\TemplateLibrary\Astra_Sites_Batch_Processing_Elementor->import()
#3 A:\xamp\htdocs\wordpress\wordpress\wp-content\plugins\woocommerce\includes\libraries\wp-background-process.php(301): WP_Background_Process_Astra->task(Object(Elementor\TemplateLibrary\Astra_Sites_Batch_Processing_Elementor))
#4 A:\xamp\htdocs\wordpress\wordpress\wp-content\plugins\woocommerce\includes\libraries\wp-background-process.php(447): WP_Background_Process->handle()
#5 A:\xamp\htdocs\wordpress\wordpress\wp-includes\class-wp-hook.php(307): WP_Background_Process->handle_cron_healthcheck()
#6 A:\xamp\htdocs\wordpress\wordpress\wp-includes\class-wp-hook.php(331): WP_Hook->apply_filters('', Array)
#7 A:\xamp\htdocs\wordpress\wordpress\wp-includes\plugin.php(522): WP_Hook->do_action(Array)
#8 A:\xamp\htdocs\wordpress\wordpress\wp-cron.php(138): do_action_ref_array('wp_image_proces...', Array)
#9 {main}
  thrown in A:\xamp\htdocs\wordpress\wordpress\wp-content\plugins\elementor\core\base\document.php on line 864

2022-02-04T15:57:24+00:00 CRITICAL Uncaught Exception: Invalid data: {"data":["Array","Array"],"element":"Array"} in A:\xamp\htdocs\wordpress\wordpress\wp-content\plugins\elementor\core\base\document.php:864
Stack trace:
#0 A:\xamp\htdocs\wordpress\wordpress\wp-content\plugins\astra-sites\inc\importers\batch-processing\class-astra-sites-batch-processing-elementor.php(122): Elementor\Core\Base\Document->get_elements_raw_data(Array, true)
#1 A:\xamp\htdocs\wordpress\wordpress\wp-content\plugins\astra-sites\inc\importers\batch-processing\class-astra-sites-batch-processing-elementor.php(66): Elementor\TemplateLibrary\Astra_Sites_Batch_Processing_Elementor->import_single_post(544)
#2 A:\xamp\htdocs\wordpress\wordpress\wp-content\plugins\astra-sites\inc\importers\batch-processing\helpers\class-wp-background-process-astra.php(41): Elementor\TemplateLibrary\Astra_Sites_Batch_Processing_Elementor->import()
#3 A:\xamp\htdocs\wordpress\wordpress\wp-content\plugins\woocommerce\includes\libraries\wp-background-process.php(301): WP_Background_Process_Astra->task(Object(Elementor\TemplateLibrary\Astra_Sites_Batch_Processing_Elementor))
#4 A:\xamp\htdocs\wordpress\wordpress\wp-content\plugins\woocommerce\includes\libraries\wp-background-process.php(447): WP_Background_Process->handle()
#5 A:\xamp\htdocs\wordpress\wordpress\wp-includes\class-wp-hook.php(307): WP_Background_Process->handle_cron_healthcheck()
#6 A:\xamp\htdocs\wordpress\wordpress\wp-includes\class-wp-hook.php(331): WP_Hook->apply_filters('', Array)
#7 A:\xamp\htdocs\wordpress\wordpress\wp-includes\plugin.php(522): WP_Hook->do_action(Array)
#8 A:\xamp\htdocs\wordpress\wordpress\wp-cron.php(138): do_action_ref_array('wp_image_proces...', Array)
#9 {main}
  thrown in A:\xamp\htdocs\wordpress\wordpress\wp-content\plugins\elementor\core\base\document.php on line 864

2022-02-04T16:04:17+00:00 CRITICAL Uncaught Exception: Invalid data: {"data":["Array","Array"],"element":"Array"} in A:\xamp\htdocs\wordpress\wordpress\wp-content\plugins\elementor\core\base\document.php:864
Stack trace:
#0 A:\xamp\htdocs\wordpress\wordpress\wp-content\plugins\astra-sites\inc\importers\batch-processing\class-astra-sites-batch-processing-elementor.php(122): Elementor\Core\Base\Document->get_elements_raw_data(Array, true)
#1 A:\xamp\htdocs\wordpress\wordpress\wp-content\plugins\astra-sites\inc\importers\batch-processing\class-astra-sites-batch-processing-elementor.php(66): Elementor\TemplateLibrary\Astra_Sites_Batch_Processing_Elementor->import_single_post(544)
#2 A:\xamp\htdocs\wordpress\wordpress\wp-content\plugins\astra-sites\inc\importers\batch-processing\helpers\class-wp-background-process-astra.php(41): Elementor\TemplateLibrary\Astra_Sites_Batch_Processing_Elementor->import()
#3 A:\xamp\htdocs\wordpress\wordpress\wp-content\plugins\woocommerce\includes\libraries\wp-background-process.php(301): WP_Background_Process_Astra->task(Object(Elementor\TemplateLibrary\Astra_Sites_Batch_Processing_Elementor))
#4 A:\xamp\htdocs\wordpress\wordpress\wp-content\plugins\woocommerce\includes\libraries\wp-background-process.php(447): WP_Background_Process->handle()
#5 A:\xamp\htdocs\wordpress\wordpress\wp-includes\class-wp-hook.php(307): WP_Background_Process->handle_cron_healthcheck()
#6 A:\xamp\htdocs\wordpress\wordpress\wp-includes\class-wp-hook.php(331): WP_Hook->apply_filters('', Array)
#7 A:\xamp\htdocs\wordpress\wordpress\wp-includes\plugin.php(522): WP_Hook->do_action(Array)
#8 A:\xamp\htdocs\wordpress\wordpress\wp-cron.php(138): do_action_ref_array('wp_image_proces...', Array)
#9 {main}
  thrown in A:\xamp\htdocs\wordpress\wordpress\wp-content\plugins\elementor\core\base\document.php on line 864

2022-02-04T16:08:49+00:00 CRITICAL Uncaught Exception: Invalid data: {"data":["Array","Array"],"element":"Array"} in A:\xamp\htdocs\wordpress\wordpress\wp-content\plugins\elementor\core\base\document.php:864
Stack trace:
#0 A:\xamp\htdocs\wordpress\wordpress\wp-content\plugins\astra-sites\inc\importers\batch-processing\class-astra-sites-batch-processing-elementor.php(122): Elementor\Core\Base\Document->get_elements_raw_data(Array, true)
#1 A:\xamp\htdocs\wordpress\wordpress\wp-content\plugins\astra-sites\inc\importers\batch-processing\class-astra-sites-batch-processing-elementor.php(66): Elementor\TemplateLibrary\Astra_Sites_Batch_Processing_Elementor->import_single_post(544)
#2 A:\xamp\htdocs\wordpress\wordpress\wp-content\plugins\astra-sites\inc\importers\batch-processing\helpers\class-wp-background-process-astra.php(41): Elementor\TemplateLibrary\Astra_Sites_Batch_Processing_Elementor->import()
#3 A:\xamp\htdocs\wordpress\wordpress\wp-content\plugins\woocommerce\includes\libraries\wp-background-process.php(301): WP_Background_Process_Astra->task(Object(Elementor\TemplateLibrary\Astra_Sites_Batch_Processing_Elementor))
#4 A:\xamp\htdocs\wordpress\wordpress\wp-content\plugins\woocommerce\includes\libraries\wp-background-process.php(447): WP_Background_Process->handle()
#5 A:\xamp\htdocs\wordpress\wordpress\wp-includes\class-wp-hook.php(307): WP_Background_Process->handle_cron_healthcheck()
#6 A:\xamp\htdocs\wordpress\wordpress\wp-includes\class-wp-hook.php(331): WP_Hook->apply_filters('', Array)
#7 A:\xamp\htdocs\wordpress\wordpress\wp-includes\plugin.php(522): WP_Hook->do_action(Array)
#8 A:\xamp\htdocs\wordpress\wordpress\wp-cron.php(138): do_action_ref_array('wp_image_proces...', Array)
#9 {main}
  thrown in A:\xamp\htdocs\wordpress\wordpress\wp-content\plugins\elementor\core\base\document.php on line 864

2022-02-04T16:20:30+00:00 CRITICAL Uncaught Exception: Invalid data: {"data":["Array","Array"],"element":"Array"} in A:\xamp\htdocs\wordpress\wordpress\wp-content\plugins\elementor\core\base\document.php:864
Stack trace:
#0 A:\xamp\htdocs\wordpress\wordpress\wp-content\plugins\astra-sites\inc\importers\batch-processing\class-astra-sites-batch-processing-elementor.php(122): Elementor\Core\Base\Document->get_elements_raw_data(Array, true)
#1 A:\xamp\htdocs\wordpress\wordpress\wp-content\plugins\astra-sites\inc\importers\batch-processing\class-astra-sites-batch-processing-elementor.php(66): Elementor\TemplateLibrary\Astra_Sites_Batch_Processing_Elementor->import_single_post(544)
#2 A:\xamp\htdocs\wordpress\wordpress\wp-content\plugins\astra-sites\inc\importers\batch-processing\helpers\class-wp-background-process-astra.php(41): Elementor\TemplateLibrary\Astra_Sites_Batch_Processing_Elementor->import()
#3 A:\xamp\htdocs\wordpress\wordpress\wp-content\plugins\woocommerce\includes\libraries\wp-background-process.php(301): WP_Background_Process_Astra->task(Object(Elementor\TemplateLibrary\Astra_Sites_Batch_Processing_Elementor))
#4 A:\xamp\htdocs\wordpress\wordpress\wp-content\plugins\woocommerce\includes\libraries\wp-background-process.php(447): WP_Background_Process->handle()
#5 A:\xamp\htdocs\wordpress\wordpress\wp-includes\class-wp-hook.php(307): WP_Background_Process->handle_cron_healthcheck()
#6 A:\xamp\htdocs\wordpress\wordpress\wp-includes\class-wp-hook.php(331): WP_Hook->apply_filters('', Array)
#7 A:\xamp\htdocs\wordpress\wordpress\wp-includes\plugin.php(522): WP_Hook->do_action(Array)
#8 A:\xamp\htdocs\wordpress\wordpress\wp-cron.php(138): do_action_ref_array('wp_image_proces...', Array)
#9 {main}
  thrown in A:\xamp\htdocs\wordpress\wordpress\wp-content\plugins\elementor\core\base\document.php on line 864

2022-02-04T16:22:15+00:00 CRITICAL Uncaught Exception: Invalid data: {"data":["Array","Array"],"element":"Array"} in A:\xamp\htdocs\wordpress\wordpress\wp-content\plugins\elementor\core\base\document.php:864
Stack trace:
#0 A:\xamp\htdocs\wordpress\wordpress\wp-content\plugins\astra-sites\inc\importers\batch-processing\class-astra-sites-batch-processing-elementor.php(122): Elementor\Core\Base\Document->get_elements_raw_data(Array, true)
#1 A:\xamp\htdocs\wordpress\wordpress\wp-content\plugins\astra-sites\inc\importers\batch-processing\class-astra-sites-batch-processing-elementor.php(66): Elementor\TemplateLibrary\Astra_Sites_Batch_Processing_Elementor->import_single_post(544)
#2 A:\xamp\htdocs\wordpress\wordpress\wp-content\plugins\astra-sites\inc\importers\batch-processing\helpers\class-wp-background-process-astra.php(41): Elementor\TemplateLibrary\Astra_Sites_Batch_Processing_Elementor->import()
#3 A:\xamp\htdocs\wordpress\wordpress\wp-content\plugins\woocommerce\includes\libraries\wp-background-process.php(301): WP_Background_Process_Astra->task(Object(Elementor\TemplateLibrary\Astra_Sites_Batch_Processing_Elementor))
#4 A:\xamp\htdocs\wordpress\wordpress\wp-content\plugins\woocommerce\includes\libraries\wp-background-process.php(447): WP_Background_Process->handle()
#5 A:\xamp\htdocs\wordpress\wordpress\wp-includes\class-wp-hook.php(307): WP_Background_Process->handle_cron_healthcheck()
#6 A:\xamp\htdocs\wordpress\wordpress\wp-includes\class-wp-hook.php(331): WP_Hook->apply_filters('', Array)
#7 A:\xamp\htdocs\wordpress\wordpress\wp-includes\plugin.php(522): WP_Hook->do_action(Array)
#8 A:\xamp\htdocs\wordpress\wordpress\wp-cron.php(138): do_action_ref_array('wp_image_proces...', Array)
#9 {main}
  thrown in A:\xamp\htdocs\wordpress\wordpress\wp-content\plugins\elementor\core\base\document.php on line 864

2022-02-04T16:26:31+00:00 CRITICAL Uncaught Exception: Invalid data: {"data":["Array","Array"],"element":"Array"} in A:\xamp\htdocs\wordpress\wordpress\wp-content\plugins\elementor\core\base\document.php:864
Stack trace:
#0 A:\xamp\htdocs\wordpress\wordpress\wp-content\plugins\astra-sites\inc\importers\batch-processing\class-astra-sites-batch-processing-elementor.php(122): Elementor\Core\Base\Document->get_elements_raw_data(Array, true)
#1 A:\xamp\htdocs\wordpress\wordpress\wp-content\plugins\astra-sites\inc\importers\batch-processing\class-astra-sites-batch-processing-elementor.php(66): Elementor\TemplateLibrary\Astra_Sites_Batch_Processing_Elementor->import_single_post(544)
#2 A:\xamp\htdocs\wordpress\wordpress\wp-content\plugins\astra-sites\inc\importers\batch-processing\helpers\class-wp-background-process-astra.php(41): Elementor\TemplateLibrary\Astra_Sites_Batch_Processing_Elementor->import()
#3 A:\xamp\htdocs\wordpress\wordpress\wp-content\plugins\woocommerce\includes\libraries\wp-background-process.php(301): WP_Background_Process_Astra->task(Object(Elementor\TemplateLibrary\Astra_Sites_Batch_Processing_Elementor))
#4 A:\xamp\htdocs\wordpress\wordpress\wp-content\plugins\woocommerce\includes\libraries\wp-background-process.php(447): WP_Background_Process->handle()
#5 A:\xamp\htdocs\wordpress\wordpress\wp-includes\class-wp-hook.php(307): WP_Background_Process->handle_cron_healthcheck()
#6 A:\xamp\htdocs\wordpress\wordpress\wp-includes\class-wp-hook.php(331): WP_Hook->apply_filters('', Array)
#7 A:\xamp\htdocs\wordpress\wordpress\wp-includes\plugin.php(522): WP_Hook->do_action(Array)
#8 A:\xamp\htdocs\wordpress\wordpress\wp-cron.php(138): do_action_ref_array('wp_image_proces...', Array)
#9 {main}
  thrown in A:\xamp\htdocs\wordpress\wordpress\wp-content\plugins\elementor\core\base\document.php on line 864

