2022-02-15T07:18:55+00:00 CRITICAL Uncaught Exception: Invalid data: {"data":["Array","Array"],"element":"Array"} in A:\xamp\htdocs\wordpress\wordpress\wp-content\plugins\elementor\core\base\document.php:864
Stack trace:
#0 A:\xamp\htdocs\wordpress\wordpress\wp-content\plugins\astra-sites\inc\importers\batch-processing\class-astra-sites-batch-processing-elementor.php(122): Elementor\Core\Base\Document->get_elements_raw_data(Array, true)
#1 A:\xamp\htdocs\wordpress\wordpress\wp-content\plugins\astra-sites\inc\importers\batch-processing\class-astra-sites-batch-processing-elementor.php(66): Elementor\TemplateLibrary\Astra_Sites_Batch_Processing_Elementor->import_single_post(544)
#2 A:\xamp\htdocs\wordpress\wordpress\wp-content\plugins\astra-sites\inc\importers\batch-processing\helpers\class-wp-background-process-astra.php(41): Elementor\TemplateLibrary\Astra_Sites_Batch_Processing_Elementor->import()
#3 A:\xamp\htdocs\wordpress\wordpress\wp-content\plugins\woocommerce\includes\libraries\wp-background-process.php(301): WP_Background_Process_Astra->task(Object(Elementor\TemplateLibrary\Astra_Sites_Batch_Processing_Elementor))
#4 A:\xamp\htdocs\wordpress\wordpress\wp-content\plugins\woocommerce\includes\libraries\wp-background-process.php(447): WP_Background_Process->handle()
#5 A:\xamp\htdocs\wordpress\wordpress\wp-includes\class-wp-hook.php(307): WP_Background_Process->handle_cron_healthcheck()
#6 A:\xamp\htdocs\wordpress\wordpress\wp-includes\class-wp-hook.php(331): WP_Hook->apply_filters('', Array)
#7 A:\xamp\htdocs\wordpress\wordpress\wp-includes\plugin.php(522): WP_Hook->do_action(Array)
#8 A:\xamp\htdocs\wordpress\wordpress\wp-cron.php(138): do_action_ref_array('wp_image_proces...', Array)
#9 {main}
  thrown in A:\xamp\htdocs\wordpress\wordpress\wp-content\plugins\elementor\core\base\document.php on line 864

2022-02-15T12:51:38+00:00 CRITICAL Uncaught Exception: Invalid data: {"data":["Array","Array"],"element":"Array"} in A:\xamp\htdocs\wordpress\wordpress\wp-content\plugins\elementor\core\base\document.php:864
Stack trace:
#0 A:\xamp\htdocs\wordpress\wordpress\wp-content\plugins\astra-sites\inc\importers\batch-processing\class-astra-sites-batch-processing-elementor.php(122): Elementor\Core\Base\Document->get_elements_raw_data(Array, true)
#1 A:\xamp\htdocs\wordpress\wordpress\wp-content\plugins\astra-sites\inc\importers\batch-processing\class-astra-sites-batch-processing-elementor.php(66): Elementor\TemplateLibrary\Astra_Sites_Batch_Processing_Elementor->import_single_post(544)
#2 A:\xamp\htdocs\wordpress\wordpress\wp-content\plugins\astra-sites\inc\importers\batch-processing\helpers\class-wp-background-process-astra.php(41): Elementor\TemplateLibrary\Astra_Sites_Batch_Processing_Elementor->import()
#3 A:\xamp\htdocs\wordpress\wordpress\wp-content\plugins\woocommerce\includes\libraries\wp-background-process.php(301): WP_Background_Process_Astra->task(Object(Elementor\TemplateLibrary\Astra_Sites_Batch_Processing_Elementor))
#4 A:\xamp\htdocs\wordpress\wordpress\wp-content\plugins\woocommerce\includes\libraries\wp-background-process.php(447): WP_Background_Process->handle()
#5 A:\xamp\htdocs\wordpress\wordpress\wp-includes\class-wp-hook.php(307): WP_Background_Process->handle_cron_healthcheck()
#6 A:\xamp\htdocs\wordpress\wordpress\wp-includes\class-wp-hook.php(331): WP_Hook->apply_filters('', Array)
#7 A:\xamp\htdocs\wordpress\wordpress\wp-includes\plugin.php(522): WP_Hook->do_action(Array)
#8 A:\xamp\htdocs\wordpress\wordpress\wp-cron.php(138): do_action_ref_array('wp_image_proces...', Array)
#9 {main}
  thrown in A:\xamp\htdocs\wordpress\wordpress\wp-content\plugins\elementor\core\base\document.php on line 864

2022-02-15T12:56:37+00:00 CRITICAL Uncaught Exception: Invalid data: {"data":["Array","Array"],"element":"Array"} in A:\xamp\htdocs\wordpress\wordpress\wp-content\plugins\elementor\core\base\document.php:864
Stack trace:
#0 A:\xamp\htdocs\wordpress\wordpress\wp-content\plugins\astra-sites\inc\importers\batch-processing\class-astra-sites-batch-processing-elementor.php(122): Elementor\Core\Base\Document->get_elements_raw_data(Array, true)
#1 A:\xamp\htdocs\wordpress\wordpress\wp-content\plugins\astra-sites\inc\importers\batch-processing\class-astra-sites-batch-processing-elementor.php(66): Elementor\TemplateLibrary\Astra_Sites_Batch_Processing_Elementor->import_single_post(544)
#2 A:\xamp\htdocs\wordpress\wordpress\wp-content\plugins\astra-sites\inc\importers\batch-processing\helpers\class-wp-background-process-astra.php(41): Elementor\TemplateLibrary\Astra_Sites_Batch_Processing_Elementor->import()
#3 A:\xamp\htdocs\wordpress\wordpress\wp-content\plugins\woocommerce\includes\libraries\wp-background-process.php(301): WP_Background_Process_Astra->task(Object(Elementor\TemplateLibrary\Astra_Sites_Batch_Processing_Elementor))
#4 A:\xamp\htdocs\wordpress\wordpress\wp-content\plugins\woocommerce\includes\libraries\wp-background-process.php(447): WP_Background_Process->handle()
#5 A:\xamp\htdocs\wordpress\wordpress\wp-includes\class-wp-hook.php(307): WP_Background_Process->handle_cron_healthcheck()
#6 A:\xamp\htdocs\wordpress\wordpress\wp-includes\class-wp-hook.php(331): WP_Hook->apply_filters('', Array)
#7 A:\xamp\htdocs\wordpress\wordpress\wp-includes\plugin.php(522): WP_Hook->do_action(Array)
#8 A:\xamp\htdocs\wordpress\wordpress\wp-cron.php(138): do_action_ref_array('wp_image_proces...', Array)
#9 {main}
  thrown in A:\xamp\htdocs\wordpress\wordpress\wp-content\plugins\elementor\core\base\document.php on line 864

2022-02-15T13:01:38+00:00 CRITICAL Uncaught Exception: Invalid data: {"data":["Array","Array"],"element":"Array"} in A:\xamp\htdocs\wordpress\wordpress\wp-content\plugins\elementor\core\base\document.php:864
Stack trace:
#0 A:\xamp\htdocs\wordpress\wordpress\wp-content\plugins\astra-sites\inc\importers\batch-processing\class-astra-sites-batch-processing-elementor.php(122): Elementor\Core\Base\Document->get_elements_raw_data(Array, true)
#1 A:\xamp\htdocs\wordpress\wordpress\wp-content\plugins\astra-sites\inc\importers\batch-processing\class-astra-sites-batch-processing-elementor.php(66): Elementor\TemplateLibrary\Astra_Sites_Batch_Processing_Elementor->import_single_post(544)
#2 A:\xamp\htdocs\wordpress\wordpress\wp-content\plugins\astra-sites\inc\importers\batch-processing\helpers\class-wp-background-process-astra.php(41): Elementor\TemplateLibrary\Astra_Sites_Batch_Processing_Elementor->import()
#3 A:\xamp\htdocs\wordpress\wordpress\wp-content\plugins\woocommerce\includes\libraries\wp-background-process.php(301): WP_Background_Process_Astra->task(Object(Elementor\TemplateLibrary\Astra_Sites_Batch_Processing_Elementor))
#4 A:\xamp\htdocs\wordpress\wordpress\wp-content\plugins\woocommerce\includes\libraries\wp-background-process.php(447): WP_Background_Process->handle()
#5 A:\xamp\htdocs\wordpress\wordpress\wp-includes\class-wp-hook.php(307): WP_Background_Process->handle_cron_healthcheck()
#6 A:\xamp\htdocs\wordpress\wordpress\wp-includes\class-wp-hook.php(331): WP_Hook->apply_filters('', Array)
#7 A:\xamp\htdocs\wordpress\wordpress\wp-includes\plugin.php(522): WP_Hook->do_action(Array)
#8 A:\xamp\htdocs\wordpress\wordpress\wp-cron.php(138): do_action_ref_array('wp_image_proces...', Array)
#9 {main}
  thrown in A:\xamp\htdocs\wordpress\wordpress\wp-content\plugins\elementor\core\base\document.php on line 864

2022-02-15T13:07:27+00:00 CRITICAL Uncaught Exception: Invalid data: {"data":["Array","Array"],"element":"Array"} in A:\xamp\htdocs\wordpress\wordpress\wp-content\plugins\elementor\core\base\document.php:864
Stack trace:
#0 A:\xamp\htdocs\wordpress\wordpress\wp-content\plugins\astra-sites\inc\importers\batch-processing\class-astra-sites-batch-processing-elementor.php(122): Elementor\Core\Base\Document->get_elements_raw_data(Array, true)
#1 A:\xamp\htdocs\wordpress\wordpress\wp-content\plugins\astra-sites\inc\importers\batch-processing\class-astra-sites-batch-processing-elementor.php(66): Elementor\TemplateLibrary\Astra_Sites_Batch_Processing_Elementor->import_single_post(544)
#2 A:\xamp\htdocs\wordpress\wordpress\wp-content\plugins\astra-sites\inc\importers\batch-processing\helpers\class-wp-background-process-astra.php(41): Elementor\TemplateLibrary\Astra_Sites_Batch_Processing_Elementor->import()
#3 A:\xamp\htdocs\wordpress\wordpress\wp-content\plugins\woocommerce\includes\libraries\wp-background-process.php(301): WP_Background_Process_Astra->task(Object(Elementor\TemplateLibrary\Astra_Sites_Batch_Processing_Elementor))
#4 A:\xamp\htdocs\wordpress\wordpress\wp-content\plugins\woocommerce\includes\libraries\wp-background-process.php(447): WP_Background_Process->handle()
#5 A:\xamp\htdocs\wordpress\wordpress\wp-includes\class-wp-hook.php(307): WP_Background_Process->handle_cron_healthcheck()
#6 A:\xamp\htdocs\wordpress\wordpress\wp-includes\class-wp-hook.php(331): WP_Hook->apply_filters('', Array)
#7 A:\xamp\htdocs\wordpress\wordpress\wp-includes\plugin.php(522): WP_Hook->do_action(Array)
#8 A:\xamp\htdocs\wordpress\wordpress\wp-cron.php(138): do_action_ref_array('wp_image_proces...', Array)
#9 {main}
  thrown in A:\xamp\htdocs\wordpress\wordpress\wp-content\plugins\elementor\core\base\document.php on line 864

2022-02-15T13:11:38+00:00 CRITICAL Uncaught Exception: Invalid data: {"data":["Array","Array"],"element":"Array"} in A:\xamp\htdocs\wordpress\wordpress\wp-content\plugins\elementor\core\base\document.php:864
Stack trace:
#0 A:\xamp\htdocs\wordpress\wordpress\wp-content\plugins\astra-sites\inc\importers\batch-processing\class-astra-sites-batch-processing-elementor.php(122): Elementor\Core\Base\Document->get_elements_raw_data(Array, true)
#1 A:\xamp\htdocs\wordpress\wordpress\wp-content\plugins\astra-sites\inc\importers\batch-processing\class-astra-sites-batch-processing-elementor.php(66): Elementor\TemplateLibrary\Astra_Sites_Batch_Processing_Elementor->import_single_post(544)
#2 A:\xamp\htdocs\wordpress\wordpress\wp-content\plugins\astra-sites\inc\importers\batch-processing\helpers\class-wp-background-process-astra.php(41): Elementor\TemplateLibrary\Astra_Sites_Batch_Processing_Elementor->import()
#3 A:\xamp\htdocs\wordpress\wordpress\wp-content\plugins\woocommerce\includes\libraries\wp-background-process.php(301): WP_Background_Process_Astra->task(Object(Elementor\TemplateLibrary\Astra_Sites_Batch_Processing_Elementor))
#4 A:\xamp\htdocs\wordpress\wordpress\wp-content\plugins\woocommerce\includes\libraries\wp-background-process.php(447): WP_Background_Process->handle()
#5 A:\xamp\htdocs\wordpress\wordpress\wp-includes\class-wp-hook.php(307): WP_Background_Process->handle_cron_healthcheck()
#6 A:\xamp\htdocs\wordpress\wordpress\wp-includes\class-wp-hook.php(331): WP_Hook->apply_filters('', Array)
#7 A:\xamp\htdocs\wordpress\wordpress\wp-includes\plugin.php(522): WP_Hook->do_action(Array)
#8 A:\xamp\htdocs\wordpress\wordpress\wp-cron.php(138): do_action_ref_array('wp_image_proces...', Array)
#9 {main}
  thrown in A:\xamp\htdocs\wordpress\wordpress\wp-content\plugins\elementor\core\base\document.php on line 864

2022-02-15T13:16:35+00:00 CRITICAL Uncaught Exception: Invalid data: {"data":["Array","Array"],"element":"Array"} in A:\xamp\htdocs\wordpress\wordpress\wp-content\plugins\elementor\core\base\document.php:864
Stack trace:
#0 A:\xamp\htdocs\wordpress\wordpress\wp-content\plugins\astra-sites\inc\importers\batch-processing\class-astra-sites-batch-processing-elementor.php(122): Elementor\Core\Base\Document->get_elements_raw_data(Array, true)
#1 A:\xamp\htdocs\wordpress\wordpress\wp-content\plugins\astra-sites\inc\importers\batch-processing\class-astra-sites-batch-processing-elementor.php(66): Elementor\TemplateLibrary\Astra_Sites_Batch_Processing_Elementor->import_single_post(544)
#2 A:\xamp\htdocs\wordpress\wordpress\wp-content\plugins\astra-sites\inc\importers\batch-processing\helpers\class-wp-background-process-astra.php(41): Elementor\TemplateLibrary\Astra_Sites_Batch_Processing_Elementor->import()
#3 A:\xamp\htdocs\wordpress\wordpress\wp-content\plugins\woocommerce\includes\libraries\wp-background-process.php(301): WP_Background_Process_Astra->task(Object(Elementor\TemplateLibrary\Astra_Sites_Batch_Processing_Elementor))
#4 A:\xamp\htdocs\wordpress\wordpress\wp-content\plugins\woocommerce\includes\libraries\wp-background-process.php(447): WP_Background_Process->handle()
#5 A:\xamp\htdocs\wordpress\wordpress\wp-includes\class-wp-hook.php(307): WP_Background_Process->handle_cron_healthcheck()
#6 A:\xamp\htdocs\wordpress\wordpress\wp-includes\class-wp-hook.php(331): WP_Hook->apply_filters('', Array)
#7 A:\xamp\htdocs\wordpress\wordpress\wp-includes\plugin.php(522): WP_Hook->do_action(Array)
#8 A:\xamp\htdocs\wordpress\wordpress\wp-cron.php(138): do_action_ref_array('wp_image_proces...', Array)
#9 {main}
  thrown in A:\xamp\htdocs\wordpress\wordpress\wp-content\plugins\elementor\core\base\document.php on line 864

2022-02-15T13:21:37+00:00 CRITICAL Uncaught Exception: Invalid data: {"data":["Array","Array"],"element":"Array"} in A:\xamp\htdocs\wordpress\wordpress\wp-content\plugins\elementor\core\base\document.php:864
Stack trace:
#0 A:\xamp\htdocs\wordpress\wordpress\wp-content\plugins\astra-sites\inc\importers\batch-processing\class-astra-sites-batch-processing-elementor.php(122): Elementor\Core\Base\Document->get_elements_raw_data(Array, true)
#1 A:\xamp\htdocs\wordpress\wordpress\wp-content\plugins\astra-sites\inc\importers\batch-processing\class-astra-sites-batch-processing-elementor.php(66): Elementor\TemplateLibrary\Astra_Sites_Batch_Processing_Elementor->import_single_post(544)
#2 A:\xamp\htdocs\wordpress\wordpress\wp-content\plugins\astra-sites\inc\importers\batch-processing\helpers\class-wp-background-process-astra.php(41): Elementor\TemplateLibrary\Astra_Sites_Batch_Processing_Elementor->import()
#3 A:\xamp\htdocs\wordpress\wordpress\wp-content\plugins\woocommerce\includes\libraries\wp-background-process.php(301): WP_Background_Process_Astra->task(Object(Elementor\TemplateLibrary\Astra_Sites_Batch_Processing_Elementor))
#4 A:\xamp\htdocs\wordpress\wordpress\wp-content\plugins\woocommerce\includes\libraries\wp-background-process.php(447): WP_Background_Process->handle()
#5 A:\xamp\htdocs\wordpress\wordpress\wp-includes\class-wp-hook.php(307): WP_Background_Process->handle_cron_healthcheck()
#6 A:\xamp\htdocs\wordpress\wordpress\wp-includes\class-wp-hook.php(331): WP_Hook->apply_filters('', Array)
#7 A:\xamp\htdocs\wordpress\wordpress\wp-includes\plugin.php(522): WP_Hook->do_action(Array)
#8 A:\xamp\htdocs\wordpress\wordpress\wp-cron.php(138): do_action_ref_array('wp_image_proces...', Array)
#9 {main}
  thrown in A:\xamp\htdocs\wordpress\wordpress\wp-content\plugins\elementor\core\base\document.php on line 864

2022-02-15T13:26:35+00:00 CRITICAL Uncaught Exception: Invalid data: {"data":["Array","Array"],"element":"Array"} in A:\xamp\htdocs\wordpress\wordpress\wp-content\plugins\elementor\core\base\document.php:864
Stack trace:
#0 A:\xamp\htdocs\wordpress\wordpress\wp-content\plugins\astra-sites\inc\importers\batch-processing\class-astra-sites-batch-processing-elementor.php(122): Elementor\Core\Base\Document->get_elements_raw_data(Array, true)
#1 A:\xamp\htdocs\wordpress\wordpress\wp-content\plugins\astra-sites\inc\importers\batch-processing\class-astra-sites-batch-processing-elementor.php(66): Elementor\TemplateLibrary\Astra_Sites_Batch_Processing_Elementor->import_single_post(544)
#2 A:\xamp\htdocs\wordpress\wordpress\wp-content\plugins\astra-sites\inc\importers\batch-processing\helpers\class-wp-background-process-astra.php(41): Elementor\TemplateLibrary\Astra_Sites_Batch_Processing_Elementor->import()
#3 A:\xamp\htdocs\wordpress\wordpress\wp-content\plugins\woocommerce\includes\libraries\wp-background-process.php(301): WP_Background_Process_Astra->task(Object(Elementor\TemplateLibrary\Astra_Sites_Batch_Processing_Elementor))
#4 A:\xamp\htdocs\wordpress\wordpress\wp-content\plugins\woocommerce\includes\libraries\wp-background-process.php(447): WP_Background_Process->handle()
#5 A:\xamp\htdocs\wordpress\wordpress\wp-includes\class-wp-hook.php(307): WP_Background_Process->handle_cron_healthcheck()
#6 A:\xamp\htdocs\wordpress\wordpress\wp-includes\class-wp-hook.php(331): WP_Hook->apply_filters('', Array)
#7 A:\xamp\htdocs\wordpress\wordpress\wp-includes\plugin.php(522): WP_Hook->do_action(Array)
#8 A:\xamp\htdocs\wordpress\wordpress\wp-cron.php(138): do_action_ref_array('wp_image_proces...', Array)
#9 {main}
  thrown in A:\xamp\htdocs\wordpress\wordpress\wp-content\plugins\elementor\core\base\document.php on line 864

2022-02-15T13:32:15+00:00 CRITICAL Uncaught Exception: Invalid data: {"data":["Array","Array"],"element":"Array"} in A:\xamp\htdocs\wordpress\wordpress\wp-content\plugins\elementor\core\base\document.php:864
Stack trace:
#0 A:\xamp\htdocs\wordpress\wordpress\wp-content\plugins\astra-sites\inc\importers\batch-processing\class-astra-sites-batch-processing-elementor.php(122): Elementor\Core\Base\Document->get_elements_raw_data(Array, true)
#1 A:\xamp\htdocs\wordpress\wordpress\wp-content\plugins\astra-sites\inc\importers\batch-processing\class-astra-sites-batch-processing-elementor.php(66): Elementor\TemplateLibrary\Astra_Sites_Batch_Processing_Elementor->import_single_post(544)
#2 A:\xamp\htdocs\wordpress\wordpress\wp-content\plugins\astra-sites\inc\importers\batch-processing\helpers\class-wp-background-process-astra.php(41): Elementor\TemplateLibrary\Astra_Sites_Batch_Processing_Elementor->import()
#3 A:\xamp\htdocs\wordpress\wordpress\wp-content\plugins\woocommerce\includes\libraries\wp-background-process.php(301): WP_Background_Process_Astra->task(Object(Elementor\TemplateLibrary\Astra_Sites_Batch_Processing_Elementor))
#4 A:\xamp\htdocs\wordpress\wordpress\wp-content\plugins\woocommerce\includes\libraries\wp-background-process.php(447): WP_Background_Process->handle()
#5 A:\xamp\htdocs\wordpress\wordpress\wp-includes\class-wp-hook.php(307): WP_Background_Process->handle_cron_healthcheck()
#6 A:\xamp\htdocs\wordpress\wordpress\wp-includes\class-wp-hook.php(331): WP_Hook->apply_filters('', Array)
#7 A:\xamp\htdocs\wordpress\wordpress\wp-includes\plugin.php(522): WP_Hook->do_action(Array)
#8 A:\xamp\htdocs\wordpress\wordpress\wp-cron.php(138): do_action_ref_array('wp_image_proces...', Array)
#9 {main}
  thrown in A:\xamp\htdocs\wordpress\wordpress\wp-content\plugins\elementor\core\base\document.php on line 864

2022-02-15T13:36:35+00:00 CRITICAL Uncaught Exception: Invalid data: {"data":["Array","Array"],"element":"Array"} in A:\xamp\htdocs\wordpress\wordpress\wp-content\plugins\elementor\core\base\document.php:864
Stack trace:
#0 A:\xamp\htdocs\wordpress\wordpress\wp-content\plugins\astra-sites\inc\importers\batch-processing\class-astra-sites-batch-processing-elementor.php(122): Elementor\Core\Base\Document->get_elements_raw_data(Array, true)
#1 A:\xamp\htdocs\wordpress\wordpress\wp-content\plugins\astra-sites\inc\importers\batch-processing\class-astra-sites-batch-processing-elementor.php(66): Elementor\TemplateLibrary\Astra_Sites_Batch_Processing_Elementor->import_single_post(544)
#2 A:\xamp\htdocs\wordpress\wordpress\wp-content\plugins\astra-sites\inc\importers\batch-processing\helpers\class-wp-background-process-astra.php(41): Elementor\TemplateLibrary\Astra_Sites_Batch_Processing_Elementor->import()
#3 A:\xamp\htdocs\wordpress\wordpress\wp-content\plugins\woocommerce\includes\libraries\wp-background-process.php(301): WP_Background_Process_Astra->task(Object(Elementor\TemplateLibrary\Astra_Sites_Batch_Processing_Elementor))
#4 A:\xamp\htdocs\wordpress\wordpress\wp-content\plugins\woocommerce\includes\libraries\wp-background-process.php(447): WP_Background_Process->handle()
#5 A:\xamp\htdocs\wordpress\wordpress\wp-includes\class-wp-hook.php(307): WP_Background_Process->handle_cron_healthcheck()
#6 A:\xamp\htdocs\wordpress\wordpress\wp-includes\class-wp-hook.php(331): WP_Hook->apply_filters('', Array)
#7 A:\xamp\htdocs\wordpress\wordpress\wp-includes\plugin.php(522): WP_Hook->do_action(Array)
#8 A:\xamp\htdocs\wordpress\wordpress\wp-cron.php(138): do_action_ref_array('wp_image_proces...', Array)
#9 {main}
  thrown in A:\xamp\htdocs\wordpress\wordpress\wp-content\plugins\elementor\core\base\document.php on line 864

2022-02-15T13:36:35+00:00 CRITICAL Uncaught Exception: Invalid data: {"data":["Array","Array"],"element":"Array"} in A:\xamp\htdocs\wordpress\wordpress\wp-content\plugins\elementor\core\base\document.php:864
Stack trace:
#0 A:\xamp\htdocs\wordpress\wordpress\wp-content\plugins\astra-sites\inc\importers\batch-processing\class-astra-sites-batch-processing-elementor.php(122): Elementor\Core\Base\Document->get_elements_raw_data(Array, true)
#1 A:\xamp\htdocs\wordpress\wordpress\wp-content\plugins\astra-sites\inc\importers\batch-processing\class-astra-sites-batch-processing-elementor.php(66): Elementor\TemplateLibrary\Astra_Sites_Batch_Processing_Elementor->import_single_post(544)
#2 A:\xamp\htdocs\wordpress\wordpress\wp-content\plugins\astra-sites\inc\importers\batch-processing\helpers\class-wp-background-process-astra.php(41): Elementor\TemplateLibrary\Astra_Sites_Batch_Processing_Elementor->import()
#3 A:\xamp\htdocs\wordpress\wordpress\wp-content\plugins\woocommerce\includes\libraries\wp-background-process.php(301): WP_Background_Process_Astra->task(Object(Elementor\TemplateLibrary\Astra_Sites_Batch_Processing_Elementor))
#4 A:\xamp\htdocs\wordpress\wordpress\wp-content\plugins\woocommerce\includes\libraries\wp-background-process.php(447): WP_Background_Process->handle()
#5 A:\xamp\htdocs\wordpress\wordpress\wp-includes\class-wp-hook.php(307): WP_Background_Process->handle_cron_healthcheck()
#6 A:\xamp\htdocs\wordpress\wordpress\wp-includes\class-wp-hook.php(331): WP_Hook->apply_filters('', Array)
#7 A:\xamp\htdocs\wordpress\wordpress\wp-includes\plugin.php(522): WP_Hook->do_action(Array)
#8 A:\xamp\htdocs\wordpress\wordpress\wp-cron.php(138): do_action_ref_array('wp_image_proces...', Array)
#9 {main}
  thrown in A:\xamp\htdocs\wordpress\wordpress\wp-content\plugins\elementor\core\base\document.php on line 864

2022-02-15T13:41:40+00:00 CRITICAL Uncaught Exception: Invalid data: {"data":["Array","Array"],"element":"Array"} in A:\xamp\htdocs\wordpress\wordpress\wp-content\plugins\elementor\core\base\document.php:864
Stack trace:
#0 A:\xamp\htdocs\wordpress\wordpress\wp-content\plugins\astra-sites\inc\importers\batch-processing\class-astra-sites-batch-processing-elementor.php(122): Elementor\Core\Base\Document->get_elements_raw_data(Array, true)
#1 A:\xamp\htdocs\wordpress\wordpress\wp-content\plugins\astra-sites\inc\importers\batch-processing\class-astra-sites-batch-processing-elementor.php(66): Elementor\TemplateLibrary\Astra_Sites_Batch_Processing_Elementor->import_single_post(544)
#2 A:\xamp\htdocs\wordpress\wordpress\wp-content\plugins\astra-sites\inc\importers\batch-processing\helpers\class-wp-background-process-astra.php(41): Elementor\TemplateLibrary\Astra_Sites_Batch_Processing_Elementor->import()
#3 A:\xamp\htdocs\wordpress\wordpress\wp-content\plugins\woocommerce\includes\libraries\wp-background-process.php(301): WP_Background_Process_Astra->task(Object(Elementor\TemplateLibrary\Astra_Sites_Batch_Processing_Elementor))
#4 A:\xamp\htdocs\wordpress\wordpress\wp-content\plugins\woocommerce\includes\libraries\wp-background-process.php(447): WP_Background_Process->handle()
#5 A:\xamp\htdocs\wordpress\wordpress\wp-includes\class-wp-hook.php(307): WP_Background_Process->handle_cron_healthcheck()
#6 A:\xamp\htdocs\wordpress\wordpress\wp-includes\class-wp-hook.php(331): WP_Hook->apply_filters('', Array)
#7 A:\xamp\htdocs\wordpress\wordpress\wp-includes\plugin.php(522): WP_Hook->do_action(Array)
#8 A:\xamp\htdocs\wordpress\wordpress\wp-cron.php(138): do_action_ref_array('wp_image_proces...', Array)
#9 {main}
  thrown in A:\xamp\htdocs\wordpress\wordpress\wp-content\plugins\elementor\core\base\document.php on line 864

2022-02-15T13:47:23+00:00 CRITICAL Uncaught Exception: Invalid data: {"data":["Array","Array"],"element":"Array"} in A:\xamp\htdocs\wordpress\wordpress\wp-content\plugins\elementor\core\base\document.php:864
Stack trace:
#0 A:\xamp\htdocs\wordpress\wordpress\wp-content\plugins\astra-sites\inc\importers\batch-processing\class-astra-sites-batch-processing-elementor.php(122): Elementor\Core\Base\Document->get_elements_raw_data(Array, true)
#1 A:\xamp\htdocs\wordpress\wordpress\wp-content\plugins\astra-sites\inc\importers\batch-processing\class-astra-sites-batch-processing-elementor.php(66): Elementor\TemplateLibrary\Astra_Sites_Batch_Processing_Elementor->import_single_post(544)
#2 A:\xamp\htdocs\wordpress\wordpress\wp-content\plugins\astra-sites\inc\importers\batch-processing\helpers\class-wp-background-process-astra.php(41): Elementor\TemplateLibrary\Astra_Sites_Batch_Processing_Elementor->import()
#3 A:\xamp\htdocs\wordpress\wordpress\wp-content\plugins\woocommerce\includes\libraries\wp-background-process.php(301): WP_Background_Process_Astra->task(Object(Elementor\TemplateLibrary\Astra_Sites_Batch_Processing_Elementor))
#4 A:\xamp\htdocs\wordpress\wordpress\wp-content\plugins\woocommerce\includes\libraries\wp-background-process.php(447): WP_Background_Process->handle()
#5 A:\xamp\htdocs\wordpress\wordpress\wp-includes\class-wp-hook.php(307): WP_Background_Process->handle_cron_healthcheck()
#6 A:\xamp\htdocs\wordpress\wordpress\wp-includes\class-wp-hook.php(331): WP_Hook->apply_filters('', Array)
#7 A:\xamp\htdocs\wordpress\wordpress\wp-includes\plugin.php(522): WP_Hook->do_action(Array)
#8 A:\xamp\htdocs\wordpress\wordpress\wp-cron.php(138): do_action_ref_array('wp_image_proces...', Array)
#9 {main}
  thrown in A:\xamp\htdocs\wordpress\wordpress\wp-content\plugins\elementor\core\base\document.php on line 864

2022-02-15T13:51:31+00:00 CRITICAL Uncaught Exception: Invalid data: {"data":["Array","Array"],"element":"Array"} in A:\xamp\htdocs\wordpress\wordpress\wp-content\plugins\elementor\core\base\document.php:864
Stack trace:
#0 A:\xamp\htdocs\wordpress\wordpress\wp-content\plugins\astra-sites\inc\importers\batch-processing\class-astra-sites-batch-processing-elementor.php(122): Elementor\Core\Base\Document->get_elements_raw_data(Array, true)
#1 A:\xamp\htdocs\wordpress\wordpress\wp-content\plugins\astra-sites\inc\importers\batch-processing\class-astra-sites-batch-processing-elementor.php(66): Elementor\TemplateLibrary\Astra_Sites_Batch_Processing_Elementor->import_single_post(544)
#2 A:\xamp\htdocs\wordpress\wordpress\wp-content\plugins\astra-sites\inc\importers\batch-processing\helpers\class-wp-background-process-astra.php(41): Elementor\TemplateLibrary\Astra_Sites_Batch_Processing_Elementor->import()
#3 A:\xamp\htdocs\wordpress\wordpress\wp-content\plugins\woocommerce\includes\libraries\wp-background-process.php(301): WP_Background_Process_Astra->task(Object(Elementor\TemplateLibrary\Astra_Sites_Batch_Processing_Elementor))
#4 A:\xamp\htdocs\wordpress\wordpress\wp-content\plugins\woocommerce\includes\libraries\wp-background-process.php(447): WP_Background_Process->handle()
#5 A:\xamp\htdocs\wordpress\wordpress\wp-includes\class-wp-hook.php(307): WP_Background_Process->handle_cron_healthcheck()
#6 A:\xamp\htdocs\wordpress\wordpress\wp-includes\class-wp-hook.php(331): WP_Hook->apply_filters('', Array)
#7 A:\xamp\htdocs\wordpress\wordpress\wp-includes\plugin.php(522): WP_Hook->do_action(Array)
#8 A:\xamp\htdocs\wordpress\wordpress\wp-cron.php(138): do_action_ref_array('wp_image_proces...', Array)
#9 {main}
  thrown in A:\xamp\htdocs\wordpress\wordpress\wp-content\plugins\elementor\core\base\document.php on line 864

2022-02-15T13:57:03+00:00 CRITICAL Uncaught Exception: Invalid data: {"data":["Array","Array"],"element":"Array"} in A:\xamp\htdocs\wordpress\wordpress\wp-content\plugins\elementor\core\base\document.php:864
Stack trace:
#0 A:\xamp\htdocs\wordpress\wordpress\wp-content\plugins\astra-sites\inc\importers\batch-processing\class-astra-sites-batch-processing-elementor.php(122): Elementor\Core\Base\Document->get_elements_raw_data(Array, true)
#1 A:\xamp\htdocs\wordpress\wordpress\wp-content\plugins\astra-sites\inc\importers\batch-processing\class-astra-sites-batch-processing-elementor.php(66): Elementor\TemplateLibrary\Astra_Sites_Batch_Processing_Elementor->import_single_post(544)
#2 A:\xamp\htdocs\wordpress\wordpress\wp-content\plugins\astra-sites\inc\importers\batch-processing\helpers\class-wp-background-process-astra.php(41): Elementor\TemplateLibrary\Astra_Sites_Batch_Processing_Elementor->import()
#3 A:\xamp\htdocs\wordpress\wordpress\wp-content\plugins\woocommerce\includes\libraries\wp-background-process.php(301): WP_Background_Process_Astra->task(Object(Elementor\TemplateLibrary\Astra_Sites_Batch_Processing_Elementor))
#4 A:\xamp\htdocs\wordpress\wordpress\wp-content\plugins\woocommerce\includes\libraries\wp-background-process.php(447): WP_Background_Process->handle()
#5 A:\xamp\htdocs\wordpress\wordpress\wp-includes\class-wp-hook.php(307): WP_Background_Process->handle_cron_healthcheck()
#6 A:\xamp\htdocs\wordpress\wordpress\wp-includes\class-wp-hook.php(331): WP_Hook->apply_filters('', Array)
#7 A:\xamp\htdocs\wordpress\wordpress\wp-includes\plugin.php(522): WP_Hook->do_action(Array)
#8 A:\xamp\htdocs\wordpress\wordpress\wp-cron.php(138): do_action_ref_array('wp_image_proces...', Array)
#9 {main}
  thrown in A:\xamp\htdocs\wordpress\wordpress\wp-content\plugins\elementor\core\base\document.php on line 864

2022-02-15T14:01:45+00:00 CRITICAL Uncaught Exception: Invalid data: {"data":["Array","Array"],"element":"Array"} in A:\xamp\htdocs\wordpress\wordpress\wp-content\plugins\elementor\core\base\document.php:864
Stack trace:
#0 A:\xamp\htdocs\wordpress\wordpress\wp-content\plugins\astra-sites\inc\importers\batch-processing\class-astra-sites-batch-processing-elementor.php(122): Elementor\Core\Base\Document->get_elements_raw_data(Array, true)
#1 A:\xamp\htdocs\wordpress\wordpress\wp-content\plugins\astra-sites\inc\importers\batch-processing\class-astra-sites-batch-processing-elementor.php(66): Elementor\TemplateLibrary\Astra_Sites_Batch_Processing_Elementor->import_single_post(544)
#2 A:\xamp\htdocs\wordpress\wordpress\wp-content\plugins\astra-sites\inc\importers\batch-processing\helpers\class-wp-background-process-astra.php(41): Elementor\TemplateLibrary\Astra_Sites_Batch_Processing_Elementor->import()
#3 A:\xamp\htdocs\wordpress\wordpress\wp-content\plugins\woocommerce\includes\libraries\wp-background-process.php(301): WP_Background_Process_Astra->task(Object(Elementor\TemplateLibrary\Astra_Sites_Batch_Processing_Elementor))
#4 A:\xamp\htdocs\wordpress\wordpress\wp-content\plugins\woocommerce\includes\libraries\wp-background-process.php(447): WP_Background_Process->handle()
#5 A:\xamp\htdocs\wordpress\wordpress\wp-includes\class-wp-hook.php(307): WP_Background_Process->handle_cron_healthcheck()
#6 A:\xamp\htdocs\wordpress\wordpress\wp-includes\class-wp-hook.php(331): WP_Hook->apply_filters('', Array)
#7 A:\xamp\htdocs\wordpress\wordpress\wp-includes\plugin.php(522): WP_Hook->do_action(Array)
#8 A:\xamp\htdocs\wordpress\wordpress\wp-cron.php(138): do_action_ref_array('wp_image_proces...', Array)
#9 {main}
  thrown in A:\xamp\htdocs\wordpress\wordpress\wp-content\plugins\elementor\core\base\document.php on line 864

2022-02-15T14:06:34+00:00 CRITICAL Uncaught Exception: Invalid data: {"data":["Array","Array"],"element":"Array"} in A:\xamp\htdocs\wordpress\wordpress\wp-content\plugins\elementor\core\base\document.php:864
Stack trace:
#0 A:\xamp\htdocs\wordpress\wordpress\wp-content\plugins\astra-sites\inc\importers\batch-processing\class-astra-sites-batch-processing-elementor.php(122): Elementor\Core\Base\Document->get_elements_raw_data(Array, true)
#1 A:\xamp\htdocs\wordpress\wordpress\wp-content\plugins\astra-sites\inc\importers\batch-processing\class-astra-sites-batch-processing-elementor.php(66): Elementor\TemplateLibrary\Astra_Sites_Batch_Processing_Elementor->import_single_post(544)
#2 A:\xamp\htdocs\wordpress\wordpress\wp-content\plugins\astra-sites\inc\importers\batch-processing\helpers\class-wp-background-process-astra.php(41): Elementor\TemplateLibrary\Astra_Sites_Batch_Processing_Elementor->import()
#3 A:\xamp\htdocs\wordpress\wordpress\wp-content\plugins\woocommerce\includes\libraries\wp-background-process.php(301): WP_Background_Process_Astra->task(Object(Elementor\TemplateLibrary\Astra_Sites_Batch_Processing_Elementor))
#4 A:\xamp\htdocs\wordpress\wordpress\wp-content\plugins\woocommerce\includes\libraries\wp-background-process.php(447): WP_Background_Process->handle()
#5 A:\xamp\htdocs\wordpress\wordpress\wp-includes\class-wp-hook.php(307): WP_Background_Process->handle_cron_healthcheck()
#6 A:\xamp\htdocs\wordpress\wordpress\wp-includes\class-wp-hook.php(331): WP_Hook->apply_filters('', Array)
#7 A:\xamp\htdocs\wordpress\wordpress\wp-includes\plugin.php(522): WP_Hook->do_action(Array)
#8 A:\xamp\htdocs\wordpress\wordpress\wp-cron.php(138): do_action_ref_array('wp_image_proces...', Array)
#9 {main}
  thrown in A:\xamp\htdocs\wordpress\wordpress\wp-content\plugins\elementor\core\base\document.php on line 864

2022-02-15T14:11:44+00:00 CRITICAL Uncaught Exception: Invalid data: {"data":["Array","Array"],"element":"Array"} in A:\xamp\htdocs\wordpress\wordpress\wp-content\plugins\elementor\core\base\document.php:864
Stack trace:
#0 A:\xamp\htdocs\wordpress\wordpress\wp-content\plugins\astra-sites\inc\importers\batch-processing\class-astra-sites-batch-processing-elementor.php(122): Elementor\Core\Base\Document->get_elements_raw_data(Array, true)
#1 A:\xamp\htdocs\wordpress\wordpress\wp-content\plugins\astra-sites\inc\importers\batch-processing\class-astra-sites-batch-processing-elementor.php(66): Elementor\TemplateLibrary\Astra_Sites_Batch_Processing_Elementor->import_single_post(544)
#2 A:\xamp\htdocs\wordpress\wordpress\wp-content\plugins\astra-sites\inc\importers\batch-processing\helpers\class-wp-background-process-astra.php(41): Elementor\TemplateLibrary\Astra_Sites_Batch_Processing_Elementor->import()
#3 A:\xamp\htdocs\wordpress\wordpress\wp-content\plugins\woocommerce\includes\libraries\wp-background-process.php(301): WP_Background_Process_Astra->task(Object(Elementor\TemplateLibrary\Astra_Sites_Batch_Processing_Elementor))
#4 A:\xamp\htdocs\wordpress\wordpress\wp-content\plugins\woocommerce\includes\libraries\wp-background-process.php(447): WP_Background_Process->handle()
#5 A:\xamp\htdocs\wordpress\wordpress\wp-includes\class-wp-hook.php(307): WP_Background_Process->handle_cron_healthcheck()
#6 A:\xamp\htdocs\wordpress\wordpress\wp-includes\class-wp-hook.php(331): WP_Hook->apply_filters('', Array)
#7 A:\xamp\htdocs\wordpress\wordpress\wp-includes\plugin.php(522): WP_Hook->do_action(Array)
#8 A:\xamp\htdocs\wordpress\wordpress\wp-cron.php(138): do_action_ref_array('wp_image_proces...', Array)
#9 {main}
  thrown in A:\xamp\htdocs\wordpress\wordpress\wp-content\plugins\elementor\core\base\document.php on line 864

2022-02-15T14:17:30+00:00 CRITICAL Uncaught Exception: Invalid data: {"data":["Array","Array"],"element":"Array"} in A:\xamp\htdocs\wordpress\wordpress\wp-content\plugins\elementor\core\base\document.php:864
Stack trace:
#0 A:\xamp\htdocs\wordpress\wordpress\wp-content\plugins\astra-sites\inc\importers\batch-processing\class-astra-sites-batch-processing-elementor.php(122): Elementor\Core\Base\Document->get_elements_raw_data(Array, true)
#1 A:\xamp\htdocs\wordpress\wordpress\wp-content\plugins\astra-sites\inc\importers\batch-processing\class-astra-sites-batch-processing-elementor.php(66): Elementor\TemplateLibrary\Astra_Sites_Batch_Processing_Elementor->import_single_post(544)
#2 A:\xamp\htdocs\wordpress\wordpress\wp-content\plugins\astra-sites\inc\importers\batch-processing\helpers\class-wp-background-process-astra.php(41): Elementor\TemplateLibrary\Astra_Sites_Batch_Processing_Elementor->import()
#3 A:\xamp\htdocs\wordpress\wordpress\wp-content\plugins\woocommerce\includes\libraries\wp-background-process.php(301): WP_Background_Process_Astra->task(Object(Elementor\TemplateLibrary\Astra_Sites_Batch_Processing_Elementor))
#4 A:\xamp\htdocs\wordpress\wordpress\wp-content\plugins\woocommerce\includes\libraries\wp-background-process.php(447): WP_Background_Process->handle()
#5 A:\xamp\htdocs\wordpress\wordpress\wp-includes\class-wp-hook.php(307): WP_Background_Process->handle_cron_healthcheck()
#6 A:\xamp\htdocs\wordpress\wordpress\wp-includes\class-wp-hook.php(331): WP_Hook->apply_filters('', Array)
#7 A:\xamp\htdocs\wordpress\wordpress\wp-includes\plugin.php(522): WP_Hook->do_action(Array)
#8 A:\xamp\htdocs\wordpress\wordpress\wp-cron.php(138): do_action_ref_array('wp_image_proces...', Array)
#9 {main}
  thrown in A:\xamp\htdocs\wordpress\wordpress\wp-content\plugins\elementor\core\base\document.php on line 864

2022-02-15T14:21:35+00:00 CRITICAL Uncaught Exception: Invalid data: {"data":["Array","Array"],"element":"Array"} in A:\xamp\htdocs\wordpress\wordpress\wp-content\plugins\elementor\core\base\document.php:864
Stack trace:
#0 A:\xamp\htdocs\wordpress\wordpress\wp-content\plugins\astra-sites\inc\importers\batch-processing\class-astra-sites-batch-processing-elementor.php(122): Elementor\Core\Base\Document->get_elements_raw_data(Array, true)
#1 A:\xamp\htdocs\wordpress\wordpress\wp-content\plugins\astra-sites\inc\importers\batch-processing\class-astra-sites-batch-processing-elementor.php(66): Elementor\TemplateLibrary\Astra_Sites_Batch_Processing_Elementor->import_single_post(544)
#2 A:\xamp\htdocs\wordpress\wordpress\wp-content\plugins\astra-sites\inc\importers\batch-processing\helpers\class-wp-background-process-astra.php(41): Elementor\TemplateLibrary\Astra_Sites_Batch_Processing_Elementor->import()
#3 A:\xamp\htdocs\wordpress\wordpress\wp-content\plugins\woocommerce\includes\libraries\wp-background-process.php(301): WP_Background_Process_Astra->task(Object(Elementor\TemplateLibrary\Astra_Sites_Batch_Processing_Elementor))
#4 A:\xamp\htdocs\wordpress\wordpress\wp-content\plugins\woocommerce\includes\libraries\wp-background-process.php(447): WP_Background_Process->handle()
#5 A:\xamp\htdocs\wordpress\wordpress\wp-includes\class-wp-hook.php(307): WP_Background_Process->handle_cron_healthcheck()
#6 A:\xamp\htdocs\wordpress\wordpress\wp-includes\class-wp-hook.php(331): WP_Hook->apply_filters('', Array)
#7 A:\xamp\htdocs\wordpress\wordpress\wp-includes\plugin.php(522): WP_Hook->do_action(Array)
#8 A:\xamp\htdocs\wordpress\wordpress\wp-cron.php(138): do_action_ref_array('wp_image_proces...', Array)
#9 {main}
  thrown in A:\xamp\htdocs\wordpress\wordpress\wp-content\plugins\elementor\core\base\document.php on line 864

2022-02-15T14:26:33+00:00 CRITICAL Uncaught Exception: Invalid data: {"data":["Array","Array"],"element":"Array"} in A:\xamp\htdocs\wordpress\wordpress\wp-content\plugins\elementor\core\base\document.php:864
Stack trace:
#0 A:\xamp\htdocs\wordpress\wordpress\wp-content\plugins\astra-sites\inc\importers\batch-processing\class-astra-sites-batch-processing-elementor.php(122): Elementor\Core\Base\Document->get_elements_raw_data(Array, true)
#1 A:\xamp\htdocs\wordpress\wordpress\wp-content\plugins\astra-sites\inc\importers\batch-processing\class-astra-sites-batch-processing-elementor.php(66): Elementor\TemplateLibrary\Astra_Sites_Batch_Processing_Elementor->import_single_post(544)
#2 A:\xamp\htdocs\wordpress\wordpress\wp-content\plugins\astra-sites\inc\importers\batch-processing\helpers\class-wp-background-process-astra.php(41): Elementor\TemplateLibrary\Astra_Sites_Batch_Processing_Elementor->import()
#3 A:\xamp\htdocs\wordpress\wordpress\wp-content\plugins\woocommerce\includes\libraries\wp-background-process.php(301): WP_Background_Process_Astra->task(Object(Elementor\TemplateLibrary\Astra_Sites_Batch_Processing_Elementor))
#4 A:\xamp\htdocs\wordpress\wordpress\wp-content\plugins\woocommerce\includes\libraries\wp-background-process.php(447): WP_Background_Process->handle()
#5 A:\xamp\htdocs\wordpress\wordpress\wp-includes\class-wp-hook.php(307): WP_Background_Process->handle_cron_healthcheck()
#6 A:\xamp\htdocs\wordpress\wordpress\wp-includes\class-wp-hook.php(331): WP_Hook->apply_filters('', Array)
#7 A:\xamp\htdocs\wordpress\wordpress\wp-includes\plugin.php(522): WP_Hook->do_action(Array)
#8 A:\xamp\htdocs\wordpress\wordpress\wp-cron.php(138): do_action_ref_array('wp_image_proces...', Array)
#9 {main}
  thrown in A:\xamp\htdocs\wordpress\wordpress\wp-content\plugins\elementor\core\base\document.php on line 864

2022-02-15T14:31:32+00:00 CRITICAL Uncaught Exception: Invalid data: {"data":["Array","Array"],"element":"Array"} in A:\xamp\htdocs\wordpress\wordpress\wp-content\plugins\elementor\core\base\document.php:864
Stack trace:
#0 A:\xamp\htdocs\wordpress\wordpress\wp-content\plugins\astra-sites\inc\importers\batch-processing\class-astra-sites-batch-processing-elementor.php(122): Elementor\Core\Base\Document->get_elements_raw_data(Array, true)
#1 A:\xamp\htdocs\wordpress\wordpress\wp-content\plugins\astra-sites\inc\importers\batch-processing\class-astra-sites-batch-processing-elementor.php(66): Elementor\TemplateLibrary\Astra_Sites_Batch_Processing_Elementor->import_single_post(544)
#2 A:\xamp\htdocs\wordpress\wordpress\wp-content\plugins\astra-sites\inc\importers\batch-processing\helpers\class-wp-background-process-astra.php(41): Elementor\TemplateLibrary\Astra_Sites_Batch_Processing_Elementor->import()
#3 A:\xamp\htdocs\wordpress\wordpress\wp-content\plugins\woocommerce\includes\libraries\wp-background-process.php(301): WP_Background_Process_Astra->task(Object(Elementor\TemplateLibrary\Astra_Sites_Batch_Processing_Elementor))
#4 A:\xamp\htdocs\wordpress\wordpress\wp-content\plugins\woocommerce\includes\libraries\wp-background-process.php(447): WP_Background_Process->handle()
#5 A:\xamp\htdocs\wordpress\wordpress\wp-includes\class-wp-hook.php(307): WP_Background_Process->handle_cron_healthcheck()
#6 A:\xamp\htdocs\wordpress\wordpress\wp-includes\class-wp-hook.php(331): WP_Hook->apply_filters('', Array)
#7 A:\xamp\htdocs\wordpress\wordpress\wp-includes\plugin.php(522): WP_Hook->do_action(Array)
#8 A:\xamp\htdocs\wordpress\wordpress\wp-cron.php(138): do_action_ref_array('wp_image_proces...', Array)
#9 {main}
  thrown in A:\xamp\htdocs\wordpress\wordpress\wp-content\plugins\elementor\core\base\document.php on line 864

2022-02-15T14:37:24+00:00 CRITICAL Uncaught Exception: Invalid data: {"data":["Array","Array"],"element":"Array"} in A:\xamp\htdocs\wordpress\wordpress\wp-content\plugins\elementor\core\base\document.php:864
Stack trace:
#0 A:\xamp\htdocs\wordpress\wordpress\wp-content\plugins\astra-sites\inc\importers\batch-processing\class-astra-sites-batch-processing-elementor.php(122): Elementor\Core\Base\Document->get_elements_raw_data(Array, true)
#1 A:\xamp\htdocs\wordpress\wordpress\wp-content\plugins\astra-sites\inc\importers\batch-processing\class-astra-sites-batch-processing-elementor.php(66): Elementor\TemplateLibrary\Astra_Sites_Batch_Processing_Elementor->import_single_post(544)
#2 A:\xamp\htdocs\wordpress\wordpress\wp-content\plugins\astra-sites\inc\importers\batch-processing\helpers\class-wp-background-process-astra.php(41): Elementor\TemplateLibrary\Astra_Sites_Batch_Processing_Elementor->import()
#3 A:\xamp\htdocs\wordpress\wordpress\wp-content\plugins\woocommerce\includes\libraries\wp-background-process.php(301): WP_Background_Process_Astra->task(Object(Elementor\TemplateLibrary\Astra_Sites_Batch_Processing_Elementor))
#4 A:\xamp\htdocs\wordpress\wordpress\wp-content\plugins\woocommerce\includes\libraries\wp-background-process.php(447): WP_Background_Process->handle()
#5 A:\xamp\htdocs\wordpress\wordpress\wp-includes\class-wp-hook.php(307): WP_Background_Process->handle_cron_healthcheck()
#6 A:\xamp\htdocs\wordpress\wordpress\wp-includes\class-wp-hook.php(331): WP_Hook->apply_filters('', Array)
#7 A:\xamp\htdocs\wordpress\wordpress\wp-includes\plugin.php(522): WP_Hook->do_action(Array)
#8 A:\xamp\htdocs\wordpress\wordpress\wp-cron.php(138): do_action_ref_array('wp_image_proces...', Array)
#9 {main}
  thrown in A:\xamp\htdocs\wordpress\wordpress\wp-content\plugins\elementor\core\base\document.php on line 864

2022-02-15T14:41:35+00:00 CRITICAL Uncaught Exception: Invalid data: {"data":["Array","Array"],"element":"Array"} in A:\xamp\htdocs\wordpress\wordpress\wp-content\plugins\elementor\core\base\document.php:864
Stack trace:
#0 A:\xamp\htdocs\wordpress\wordpress\wp-content\plugins\astra-sites\inc\importers\batch-processing\class-astra-sites-batch-processing-elementor.php(122): Elementor\Core\Base\Document->get_elements_raw_data(Array, true)
#1 A:\xamp\htdocs\wordpress\wordpress\wp-content\plugins\astra-sites\inc\importers\batch-processing\class-astra-sites-batch-processing-elementor.php(66): Elementor\TemplateLibrary\Astra_Sites_Batch_Processing_Elementor->import_single_post(544)
#2 A:\xamp\htdocs\wordpress\wordpress\wp-content\plugins\astra-sites\inc\importers\batch-processing\helpers\class-wp-background-process-astra.php(41): Elementor\TemplateLibrary\Astra_Sites_Batch_Processing_Elementor->import()
#3 A:\xamp\htdocs\wordpress\wordpress\wp-content\plugins\woocommerce\includes\libraries\wp-background-process.php(301): WP_Background_Process_Astra->task(Object(Elementor\TemplateLibrary\Astra_Sites_Batch_Processing_Elementor))
#4 A:\xamp\htdocs\wordpress\wordpress\wp-content\plugins\woocommerce\includes\libraries\wp-background-process.php(447): WP_Background_Process->handle()
#5 A:\xamp\htdocs\wordpress\wordpress\wp-includes\class-wp-hook.php(307): WP_Background_Process->handle_cron_healthcheck()
#6 A:\xamp\htdocs\wordpress\wordpress\wp-includes\class-wp-hook.php(331): WP_Hook->apply_filters('', Array)
#7 A:\xamp\htdocs\wordpress\wordpress\wp-includes\plugin.php(522): WP_Hook->do_action(Array)
#8 A:\xamp\htdocs\wordpress\wordpress\wp-cron.php(138): do_action_ref_array('wp_image_proces...', Array)
#9 {main}
  thrown in A:\xamp\htdocs\wordpress\wordpress\wp-content\plugins\elementor\core\base\document.php on line 864

2022-02-15T14:46:37+00:00 CRITICAL Uncaught Exception: Invalid data: {"data":["Array","Array"],"element":"Array"} in A:\xamp\htdocs\wordpress\wordpress\wp-content\plugins\elementor\core\base\document.php:864
Stack trace:
#0 A:\xamp\htdocs\wordpress\wordpress\wp-content\plugins\astra-sites\inc\importers\batch-processing\class-astra-sites-batch-processing-elementor.php(122): Elementor\Core\Base\Document->get_elements_raw_data(Array, true)
#1 A:\xamp\htdocs\wordpress\wordpress\wp-content\plugins\astra-sites\inc\importers\batch-processing\class-astra-sites-batch-processing-elementor.php(66): Elementor\TemplateLibrary\Astra_Sites_Batch_Processing_Elementor->import_single_post(544)
#2 A:\xamp\htdocs\wordpress\wordpress\wp-content\plugins\astra-sites\inc\importers\batch-processing\helpers\class-wp-background-process-astra.php(41): Elementor\TemplateLibrary\Astra_Sites_Batch_Processing_Elementor->import()
#3 A:\xamp\htdocs\wordpress\wordpress\wp-content\plugins\woocommerce\includes\libraries\wp-background-process.php(301): WP_Background_Process_Astra->task(Object(Elementor\TemplateLibrary\Astra_Sites_Batch_Processing_Elementor))
#4 A:\xamp\htdocs\wordpress\wordpress\wp-content\plugins\woocommerce\includes\libraries\wp-background-process.php(447): WP_Background_Process->handle()
#5 A:\xamp\htdocs\wordpress\wordpress\wp-includes\class-wp-hook.php(307): WP_Background_Process->handle_cron_healthcheck()
#6 A:\xamp\htdocs\wordpress\wordpress\wp-includes\class-wp-hook.php(331): WP_Hook->apply_filters('', Array)
#7 A:\xamp\htdocs\wordpress\wordpress\wp-includes\plugin.php(522): WP_Hook->do_action(Array)
#8 A:\xamp\htdocs\wordpress\wordpress\wp-cron.php(138): do_action_ref_array('wp_image_proces...', Array)
#9 {main}
  thrown in A:\xamp\htdocs\wordpress\wordpress\wp-content\plugins\elementor\core\base\document.php on line 864

2022-02-15T14:51:40+00:00 CRITICAL Uncaught Exception: Invalid data: {"data":["Array","Array"],"element":"Array"} in A:\xamp\htdocs\wordpress\wordpress\wp-content\plugins\elementor\core\base\document.php:864
Stack trace:
#0 A:\xamp\htdocs\wordpress\wordpress\wp-content\plugins\astra-sites\inc\importers\batch-processing\class-astra-sites-batch-processing-elementor.php(122): Elementor\Core\Base\Document->get_elements_raw_data(Array, true)
#1 A:\xamp\htdocs\wordpress\wordpress\wp-content\plugins\astra-sites\inc\importers\batch-processing\class-astra-sites-batch-processing-elementor.php(66): Elementor\TemplateLibrary\Astra_Sites_Batch_Processing_Elementor->import_single_post(544)
#2 A:\xamp\htdocs\wordpress\wordpress\wp-content\plugins\astra-sites\inc\importers\batch-processing\helpers\class-wp-background-process-astra.php(41): Elementor\TemplateLibrary\Astra_Sites_Batch_Processing_Elementor->import()
#3 A:\xamp\htdocs\wordpress\wordpress\wp-content\plugins\woocommerce\includes\libraries\wp-background-process.php(301): WP_Background_Process_Astra->task(Object(Elementor\TemplateLibrary\Astra_Sites_Batch_Processing_Elementor))
#4 A:\xamp\htdocs\wordpress\wordpress\wp-content\plugins\woocommerce\includes\libraries\wp-background-process.php(447): WP_Background_Process->handle()
#5 A:\xamp\htdocs\wordpress\wordpress\wp-includes\class-wp-hook.php(307): WP_Background_Process->handle_cron_healthcheck()
#6 A:\xamp\htdocs\wordpress\wordpress\wp-includes\class-wp-hook.php(331): WP_Hook->apply_filters('', Array)
#7 A:\xamp\htdocs\wordpress\wordpress\wp-includes\plugin.php(522): WP_Hook->do_action(Array)
#8 A:\xamp\htdocs\wordpress\wordpress\wp-cron.php(138): do_action_ref_array('wp_image_proces...', Array)
#9 {main}
  thrown in A:\xamp\htdocs\wordpress\wordpress\wp-content\plugins\elementor\core\base\document.php on line 864

2022-02-15T14:56:43+00:00 CRITICAL Uncaught Exception: Invalid data: {"data":["Array","Array"],"element":"Array"} in A:\xamp\htdocs\wordpress\wordpress\wp-content\plugins\elementor\core\base\document.php:864
Stack trace:
#0 A:\xamp\htdocs\wordpress\wordpress\wp-content\plugins\astra-sites\inc\importers\batch-processing\class-astra-sites-batch-processing-elementor.php(122): Elementor\Core\Base\Document->get_elements_raw_data(Array, true)
#1 A:\xamp\htdocs\wordpress\wordpress\wp-content\plugins\astra-sites\inc\importers\batch-processing\class-astra-sites-batch-processing-elementor.php(66): Elementor\TemplateLibrary\Astra_Sites_Batch_Processing_Elementor->import_single_post(544)
#2 A:\xamp\htdocs\wordpress\wordpress\wp-content\plugins\astra-sites\inc\importers\batch-processing\helpers\class-wp-background-process-astra.php(41): Elementor\TemplateLibrary\Astra_Sites_Batch_Processing_Elementor->import()
#3 A:\xamp\htdocs\wordpress\wordpress\wp-content\plugins\woocommerce\includes\libraries\wp-background-process.php(301): WP_Background_Process_Astra->task(Object(Elementor\TemplateLibrary\Astra_Sites_Batch_Processing_Elementor))
#4 A:\xamp\htdocs\wordpress\wordpress\wp-content\plugins\woocommerce\includes\libraries\wp-background-process.php(447): WP_Background_Process->handle()
#5 A:\xamp\htdocs\wordpress\wordpress\wp-includes\class-wp-hook.php(307): WP_Background_Process->handle_cron_healthcheck()
#6 A:\xamp\htdocs\wordpress\wordpress\wp-includes\class-wp-hook.php(331): WP_Hook->apply_filters('', Array)
#7 A:\xamp\htdocs\wordpress\wordpress\wp-includes\plugin.php(522): WP_Hook->do_action(Array)
#8 A:\xamp\htdocs\wordpress\wordpress\wp-cron.php(138): do_action_ref_array('wp_image_proces...', Array)
#9 {main}
  thrown in A:\xamp\htdocs\wordpress\wordpress\wp-content\plugins\elementor\core\base\document.php on line 864

2022-02-15T15:01:34+00:00 CRITICAL Uncaught Exception: Invalid data: {"data":["Array","Array"],"element":"Array"} in A:\xamp\htdocs\wordpress\wordpress\wp-content\plugins\elementor\core\base\document.php:864
Stack trace:
#0 A:\xamp\htdocs\wordpress\wordpress\wp-content\plugins\astra-sites\inc\importers\batch-processing\class-astra-sites-batch-processing-elementor.php(122): Elementor\Core\Base\Document->get_elements_raw_data(Array, true)
#1 A:\xamp\htdocs\wordpress\wordpress\wp-content\plugins\astra-sites\inc\importers\batch-processing\class-astra-sites-batch-processing-elementor.php(66): Elementor\TemplateLibrary\Astra_Sites_Batch_Processing_Elementor->import_single_post(544)
#2 A:\xamp\htdocs\wordpress\wordpress\wp-content\plugins\astra-sites\inc\importers\batch-processing\helpers\class-wp-background-process-astra.php(41): Elementor\TemplateLibrary\Astra_Sites_Batch_Processing_Elementor->import()
#3 A:\xamp\htdocs\wordpress\wordpress\wp-content\plugins\woocommerce\includes\libraries\wp-background-process.php(301): WP_Background_Process_Astra->task(Object(Elementor\TemplateLibrary\Astra_Sites_Batch_Processing_Elementor))
#4 A:\xamp\htdocs\wordpress\wordpress\wp-content\plugins\woocommerce\includes\libraries\wp-background-process.php(447): WP_Background_Process->handle()
#5 A:\xamp\htdocs\wordpress\wordpress\wp-includes\class-wp-hook.php(307): WP_Background_Process->handle_cron_healthcheck()
#6 A:\xamp\htdocs\wordpress\wordpress\wp-includes\class-wp-hook.php(331): WP_Hook->apply_filters('', Array)
#7 A:\xamp\htdocs\wordpress\wordpress\wp-includes\plugin.php(522): WP_Hook->do_action(Array)
#8 A:\xamp\htdocs\wordpress\wordpress\wp-cron.php(138): do_action_ref_array('wp_image_proces...', Array)
#9 {main}
  thrown in A:\xamp\htdocs\wordpress\wordpress\wp-content\plugins\elementor\core\base\document.php on line 864

2022-02-15T15:07:18+00:00 CRITICAL Uncaught Exception: Invalid data: {"data":["Array","Array"],"element":"Array"} in A:\xamp\htdocs\wordpress\wordpress\wp-content\plugins\elementor\core\base\document.php:864
Stack trace:
#0 A:\xamp\htdocs\wordpress\wordpress\wp-content\plugins\astra-sites\inc\importers\batch-processing\class-astra-sites-batch-processing-elementor.php(122): Elementor\Core\Base\Document->get_elements_raw_data(Array, true)
#1 A:\xamp\htdocs\wordpress\wordpress\wp-content\plugins\astra-sites\inc\importers\batch-processing\class-astra-sites-batch-processing-elementor.php(66): Elementor\TemplateLibrary\Astra_Sites_Batch_Processing_Elementor->import_single_post(544)
#2 A:\xamp\htdocs\wordpress\wordpress\wp-content\plugins\astra-sites\inc\importers\batch-processing\helpers\class-wp-background-process-astra.php(41): Elementor\TemplateLibrary\Astra_Sites_Batch_Processing_Elementor->import()
#3 A:\xamp\htdocs\wordpress\wordpress\wp-content\plugins\woocommerce\includes\libraries\wp-background-process.php(301): WP_Background_Process_Astra->task(Object(Elementor\TemplateLibrary\Astra_Sites_Batch_Processing_Elementor))
#4 A:\xamp\htdocs\wordpress\wordpress\wp-content\plugins\woocommerce\includes\libraries\wp-background-process.php(447): WP_Background_Process->handle()
#5 A:\xamp\htdocs\wordpress\wordpress\wp-includes\class-wp-hook.php(307): WP_Background_Process->handle_cron_healthcheck()
#6 A:\xamp\htdocs\wordpress\wordpress\wp-includes\class-wp-hook.php(331): WP_Hook->apply_filters('', Array)
#7 A:\xamp\htdocs\wordpress\wordpress\wp-includes\plugin.php(522): WP_Hook->do_action(Array)
#8 A:\xamp\htdocs\wordpress\wordpress\wp-cron.php(138): do_action_ref_array('wp_image_proces...', Array)
#9 {main}
  thrown in A:\xamp\htdocs\wordpress\wordpress\wp-content\plugins\elementor\core\base\document.php on line 864

2022-02-15T15:12:00+00:00 CRITICAL Uncaught Exception: Invalid data: {"data":["Array","Array"],"element":"Array"} in A:\xamp\htdocs\wordpress\wordpress\wp-content\plugins\elementor\core\base\document.php:864
Stack trace:
#0 A:\xamp\htdocs\wordpress\wordpress\wp-content\plugins\astra-sites\inc\importers\batch-processing\class-astra-sites-batch-processing-elementor.php(122): Elementor\Core\Base\Document->get_elements_raw_data(Array, true)
#1 A:\xamp\htdocs\wordpress\wordpress\wp-content\plugins\astra-sites\inc\importers\batch-processing\class-astra-sites-batch-processing-elementor.php(66): Elementor\TemplateLibrary\Astra_Sites_Batch_Processing_Elementor->import_single_post(544)
#2 A:\xamp\htdocs\wordpress\wordpress\wp-content\plugins\astra-sites\inc\importers\batch-processing\helpers\class-wp-background-process-astra.php(41): Elementor\TemplateLibrary\Astra_Sites_Batch_Processing_Elementor->import()
#3 A:\xamp\htdocs\wordpress\wordpress\wp-content\plugins\woocommerce\includes\libraries\wp-background-process.php(301): WP_Background_Process_Astra->task(Object(Elementor\TemplateLibrary\Astra_Sites_Batch_Processing_Elementor))
#4 A:\xamp\htdocs\wordpress\wordpress\wp-content\plugins\woocommerce\includes\libraries\wp-background-process.php(447): WP_Background_Process->handle()
#5 A:\xamp\htdocs\wordpress\wordpress\wp-includes\class-wp-hook.php(307): WP_Background_Process->handle_cron_healthcheck()
#6 A:\xamp\htdocs\wordpress\wordpress\wp-includes\class-wp-hook.php(331): WP_Hook->apply_filters('', Array)
#7 A:\xamp\htdocs\wordpress\wordpress\wp-includes\plugin.php(522): WP_Hook->do_action(Array)
#8 A:\xamp\htdocs\wordpress\wordpress\wp-cron.php(138): do_action_ref_array('wp_image_proces...', Array)
#9 {main}
  thrown in A:\xamp\htdocs\wordpress\wordpress\wp-content\plugins\elementor\core\base\document.php on line 864

2022-02-15T15:16:39+00:00 CRITICAL Uncaught Exception: Invalid data: {"data":["Array","Array"],"element":"Array"} in A:\xamp\htdocs\wordpress\wordpress\wp-content\plugins\elementor\core\base\document.php:864
Stack trace:
#0 A:\xamp\htdocs\wordpress\wordpress\wp-content\plugins\astra-sites\inc\importers\batch-processing\class-astra-sites-batch-processing-elementor.php(122): Elementor\Core\Base\Document->get_elements_raw_data(Array, true)
#1 A:\xamp\htdocs\wordpress\wordpress\wp-content\plugins\astra-sites\inc\importers\batch-processing\class-astra-sites-batch-processing-elementor.php(66): Elementor\TemplateLibrary\Astra_Sites_Batch_Processing_Elementor->import_single_post(544)
#2 A:\xamp\htdocs\wordpress\wordpress\wp-content\plugins\astra-sites\inc\importers\batch-processing\helpers\class-wp-background-process-astra.php(41): Elementor\TemplateLibrary\Astra_Sites_Batch_Processing_Elementor->import()
#3 A:\xamp\htdocs\wordpress\wordpress\wp-content\plugins\woocommerce\includes\libraries\wp-background-process.php(301): WP_Background_Process_Astra->task(Object(Elementor\TemplateLibrary\Astra_Sites_Batch_Processing_Elementor))
#4 A:\xamp\htdocs\wordpress\wordpress\wp-content\plugins\woocommerce\includes\libraries\wp-background-process.php(447): WP_Background_Process->handle()
#5 A:\xamp\htdocs\wordpress\wordpress\wp-includes\class-wp-hook.php(307): WP_Background_Process->handle_cron_healthcheck()
#6 A:\xamp\htdocs\wordpress\wordpress\wp-includes\class-wp-hook.php(331): WP_Hook->apply_filters('', Array)
#7 A:\xamp\htdocs\wordpress\wordpress\wp-includes\plugin.php(522): WP_Hook->do_action(Array)
#8 A:\xamp\htdocs\wordpress\wordpress\wp-cron.php(138): do_action_ref_array('wp_image_proces...', Array)
#9 {main}
  thrown in A:\xamp\htdocs\wordpress\wordpress\wp-content\plugins\elementor\core\base\document.php on line 864

2022-02-15T15:21:42+00:00 CRITICAL Uncaught Exception: Invalid data: {"data":["Array","Array","Array","Array","Array"],"element":"Array"} in A:\xamp\htdocs\wordpress\wordpress\wp-content\plugins\elementor\core\base\document.php:864
Stack trace:
#0 A:\xamp\htdocs\wordpress\wordpress\wp-content\plugins\astra-sites\inc\importers\batch-processing\class-astra-sites-batch-processing-elementor.php(122): Elementor\Core\Base\Document->get_elements_raw_data(Array, true)
#1 A:\xamp\htdocs\wordpress\wordpress\wp-content\plugins\astra-sites\inc\importers\batch-processing\class-astra-sites-batch-processing-elementor.php(66): Elementor\TemplateLibrary\Astra_Sites_Batch_Processing_Elementor->import_single_post(542)
#2 A:\xamp\htdocs\wordpress\wordpress\wp-content\plugins\astra-sites\inc\importers\batch-processing\helpers\class-wp-background-process-astra.php(41): Elementor\TemplateLibrary\Astra_Sites_Batch_Processing_Elementor->import()
#3 A:\xamp\htdocs\wordpress\wordpress\wp-content\plugins\woocommerce\includes\libraries\wp-background-process.php(301): WP_Background_Process_Astra->task(Object(Elementor\TemplateLibrary\Astra_Sites_Batch_Processing_Elementor))
#4 A:\xamp\htdocs\wordpress\wordpress\wp-content\plugins\woocommerce\includes\libraries\wp-background-process.php(447): WP_Background_Process->handle()
#5 A:\xamp\htdocs\wordpress\wordpress\wp-includes\class-wp-hook.php(307): WP_Background_Process->handle_cron_healthcheck()
#6 A:\xamp\htdocs\wordpress\wordpress\wp-includes\class-wp-hook.php(331): WP_Hook->apply_filters('', Array)
#7 A:\xamp\htdocs\wordpress\wordpress\wp-includes\plugin.php(522): WP_Hook->do_action(Array)
#8 A:\xamp\htdocs\wordpress\wordpress\wp-cron.php(138): do_action_ref_array('wp_image_proces...', Array)
#9 {main}
  thrown in A:\xamp\htdocs\wordpress\wordpress\wp-content\plugins\elementor\core\base\document.php on line 864

2022-02-15T15:26:33+00:00 CRITICAL Uncaught Exception: Invalid data: {"data":["Array","Array","Array","Array","Array"],"element":"Array"} in A:\xamp\htdocs\wordpress\wordpress\wp-content\plugins\elementor\core\base\document.php:864
Stack trace:
#0 A:\xamp\htdocs\wordpress\wordpress\wp-content\plugins\astra-sites\inc\importers\batch-processing\class-astra-sites-batch-processing-elementor.php(122): Elementor\Core\Base\Document->get_elements_raw_data(Array, true)
#1 A:\xamp\htdocs\wordpress\wordpress\wp-content\plugins\astra-sites\inc\importers\batch-processing\class-astra-sites-batch-processing-elementor.php(66): Elementor\TemplateLibrary\Astra_Sites_Batch_Processing_Elementor->import_single_post(542)
#2 A:\xamp\htdocs\wordpress\wordpress\wp-content\plugins\astra-sites\inc\importers\batch-processing\helpers\class-wp-background-process-astra.php(41): Elementor\TemplateLibrary\Astra_Sites_Batch_Processing_Elementor->import()
#3 A:\xamp\htdocs\wordpress\wordpress\wp-content\plugins\woocommerce\includes\libraries\wp-background-process.php(301): WP_Background_Process_Astra->task(Object(Elementor\TemplateLibrary\Astra_Sites_Batch_Processing_Elementor))
#4 A:\xamp\htdocs\wordpress\wordpress\wp-content\plugins\woocommerce\includes\libraries\wp-background-process.php(447): WP_Background_Process->handle()
#5 A:\xamp\htdocs\wordpress\wordpress\wp-includes\class-wp-hook.php(307): WP_Background_Process->handle_cron_healthcheck()
#6 A:\xamp\htdocs\wordpress\wordpress\wp-includes\class-wp-hook.php(331): WP_Hook->apply_filters('', Array)
#7 A:\xamp\htdocs\wordpress\wordpress\wp-includes\plugin.php(522): WP_Hook->do_action(Array)
#8 A:\xamp\htdocs\wordpress\wordpress\wp-cron.php(138): do_action_ref_array('wp_image_proces...', Array)
#9 {main}
  thrown in A:\xamp\htdocs\wordpress\wordpress\wp-content\plugins\elementor\core\base\document.php on line 864

2022-02-15T15:31:34+00:00 CRITICAL Uncaught Exception: Invalid data: {"data":["Array","Array","Array","Array","Array"],"element":"Array"} in A:\xamp\htdocs\wordpress\wordpress\wp-content\plugins\elementor\core\base\document.php:864
Stack trace:
#0 A:\xamp\htdocs\wordpress\wordpress\wp-content\plugins\astra-sites\inc\importers\batch-processing\class-astra-sites-batch-processing-elementor.php(122): Elementor\Core\Base\Document->get_elements_raw_data(Array, true)
#1 A:\xamp\htdocs\wordpress\wordpress\wp-content\plugins\astra-sites\inc\importers\batch-processing\class-astra-sites-batch-processing-elementor.php(66): Elementor\TemplateLibrary\Astra_Sites_Batch_Processing_Elementor->import_single_post(542)
#2 A:\xamp\htdocs\wordpress\wordpress\wp-content\plugins\astra-sites\inc\importers\batch-processing\helpers\class-wp-background-process-astra.php(41): Elementor\TemplateLibrary\Astra_Sites_Batch_Processing_Elementor->import()
#3 A:\xamp\htdocs\wordpress\wordpress\wp-content\plugins\woocommerce\includes\libraries\wp-background-process.php(301): WP_Background_Process_Astra->task(Object(Elementor\TemplateLibrary\Astra_Sites_Batch_Processing_Elementor))
#4 A:\xamp\htdocs\wordpress\wordpress\wp-content\plugins\woocommerce\includes\libraries\wp-background-process.php(447): WP_Background_Process->handle()
#5 A:\xamp\htdocs\wordpress\wordpress\wp-includes\class-wp-hook.php(307): WP_Background_Process->handle_cron_healthcheck()
#6 A:\xamp\htdocs\wordpress\wordpress\wp-includes\class-wp-hook.php(331): WP_Hook->apply_filters('', Array)
#7 A:\xamp\htdocs\wordpress\wordpress\wp-includes\plugin.php(522): WP_Hook->do_action(Array)
#8 A:\xamp\htdocs\wordpress\wordpress\wp-cron.php(138): do_action_ref_array('wp_image_proces...', Array)
#9 {main}
  thrown in A:\xamp\htdocs\wordpress\wordpress\wp-content\plugins\elementor\core\base\document.php on line 864

2022-02-15T15:36:29+00:00 CRITICAL Uncaught Exception: Invalid data: {"data":["Array","Array","Array","Array","Array"],"element":"Array"} in A:\xamp\htdocs\wordpress\wordpress\wp-content\plugins\elementor\core\base\document.php:864
Stack trace:
#0 A:\xamp\htdocs\wordpress\wordpress\wp-content\plugins\astra-sites\inc\importers\batch-processing\class-astra-sites-batch-processing-elementor.php(122): Elementor\Core\Base\Document->get_elements_raw_data(Array, true)
#1 A:\xamp\htdocs\wordpress\wordpress\wp-content\plugins\astra-sites\inc\importers\batch-processing\class-astra-sites-batch-processing-elementor.php(66): Elementor\TemplateLibrary\Astra_Sites_Batch_Processing_Elementor->import_single_post(542)
#2 A:\xamp\htdocs\wordpress\wordpress\wp-content\plugins\astra-sites\inc\importers\batch-processing\helpers\class-wp-background-process-astra.php(41): Elementor\TemplateLibrary\Astra_Sites_Batch_Processing_Elementor->import()
#3 A:\xamp\htdocs\wordpress\wordpress\wp-content\plugins\woocommerce\includes\libraries\wp-background-process.php(301): WP_Background_Process_Astra->task(Object(Elementor\TemplateLibrary\Astra_Sites_Batch_Processing_Elementor))
#4 A:\xamp\htdocs\wordpress\wordpress\wp-content\plugins\woocommerce\includes\libraries\wp-background-process.php(447): WP_Background_Process->handle()
#5 A:\xamp\htdocs\wordpress\wordpress\wp-includes\class-wp-hook.php(307): WP_Background_Process->handle_cron_healthcheck()
#6 A:\xamp\htdocs\wordpress\wordpress\wp-includes\class-wp-hook.php(331): WP_Hook->apply_filters('', Array)
#7 A:\xamp\htdocs\wordpress\wordpress\wp-includes\plugin.php(522): WP_Hook->do_action(Array)
#8 A:\xamp\htdocs\wordpress\wordpress\wp-cron.php(138): do_action_ref_array('wp_image_proces...', Array)
#9 {main}
  thrown in A:\xamp\htdocs\wordpress\wordpress\wp-content\plugins\elementor\core\base\document.php on line 864

2022-02-15T15:43:22+00:00 CRITICAL Uncaught Exception: Invalid data: {"data":["Array","Array","Array","Array","Array"],"element":"Array"} in A:\xamp\htdocs\wordpress\wordpress\wp-content\plugins\elementor\core\base\document.php:864
Stack trace:
#0 A:\xamp\htdocs\wordpress\wordpress\wp-content\plugins\astra-sites\inc\importers\batch-processing\class-astra-sites-batch-processing-elementor.php(122): Elementor\Core\Base\Document->get_elements_raw_data(Array, true)
#1 A:\xamp\htdocs\wordpress\wordpress\wp-content\plugins\astra-sites\inc\importers\batch-processing\class-astra-sites-batch-processing-elementor.php(66): Elementor\TemplateLibrary\Astra_Sites_Batch_Processing_Elementor->import_single_post(542)
#2 A:\xamp\htdocs\wordpress\wordpress\wp-content\plugins\astra-sites\inc\importers\batch-processing\helpers\class-wp-background-process-astra.php(41): Elementor\TemplateLibrary\Astra_Sites_Batch_Processing_Elementor->import()
#3 A:\xamp\htdocs\wordpress\wordpress\wp-content\plugins\woocommerce\includes\libraries\wp-background-process.php(301): WP_Background_Process_Astra->task(Object(Elementor\TemplateLibrary\Astra_Sites_Batch_Processing_Elementor))
#4 A:\xamp\htdocs\wordpress\wordpress\wp-content\plugins\woocommerce\includes\libraries\wp-background-process.php(447): WP_Background_Process->handle()
#5 A:\xamp\htdocs\wordpress\wordpress\wp-includes\class-wp-hook.php(307): WP_Background_Process->handle_cron_healthcheck()
#6 A:\xamp\htdocs\wordpress\wordpress\wp-includes\class-wp-hook.php(331): WP_Hook->apply_filters('', Array)
#7 A:\xamp\htdocs\wordpress\wordpress\wp-includes\plugin.php(522): WP_Hook->do_action(Array)
#8 A:\xamp\htdocs\wordpress\wordpress\wp-cron.php(138): do_action_ref_array('wp_image_proces...', Array)
#9 {main}
  thrown in A:\xamp\htdocs\wordpress\wordpress\wp-content\plugins\elementor\core\base\document.php on line 864

2022-02-15T15:47:24+00:00 CRITICAL Uncaught Exception: Invalid data: {"data":["Array","Array","Array","Array","Array"],"element":"Array"} in A:\xamp\htdocs\wordpress\wordpress\wp-content\plugins\elementor\core\base\document.php:864
Stack trace:
#0 A:\xamp\htdocs\wordpress\wordpress\wp-content\plugins\astra-sites\inc\importers\batch-processing\class-astra-sites-batch-processing-elementor.php(122): Elementor\Core\Base\Document->get_elements_raw_data(Array, true)
#1 A:\xamp\htdocs\wordpress\wordpress\wp-content\plugins\astra-sites\inc\importers\batch-processing\class-astra-sites-batch-processing-elementor.php(66): Elementor\TemplateLibrary\Astra_Sites_Batch_Processing_Elementor->import_single_post(542)
#2 A:\xamp\htdocs\wordpress\wordpress\wp-content\plugins\astra-sites\inc\importers\batch-processing\helpers\class-wp-background-process-astra.php(41): Elementor\TemplateLibrary\Astra_Sites_Batch_Processing_Elementor->import()
#3 A:\xamp\htdocs\wordpress\wordpress\wp-content\plugins\woocommerce\includes\libraries\wp-background-process.php(301): WP_Background_Process_Astra->task(Object(Elementor\TemplateLibrary\Astra_Sites_Batch_Processing_Elementor))
#4 A:\xamp\htdocs\wordpress\wordpress\wp-content\plugins\woocommerce\includes\libraries\wp-background-process.php(447): WP_Background_Process->handle()
#5 A:\xamp\htdocs\wordpress\wordpress\wp-includes\class-wp-hook.php(307): WP_Background_Process->handle_cron_healthcheck()
#6 A:\xamp\htdocs\wordpress\wordpress\wp-includes\class-wp-hook.php(331): WP_Hook->apply_filters('', Array)
#7 A:\xamp\htdocs\wordpress\wordpress\wp-includes\plugin.php(522): WP_Hook->do_action(Array)
#8 A:\xamp\htdocs\wordpress\wordpress\wp-cron.php(138): do_action_ref_array('wp_image_proces...', Array)
#9 {main}
  thrown in A:\xamp\htdocs\wordpress\wordpress\wp-content\plugins\elementor\core\base\document.php on line 864

2022-02-15T15:52:25+00:00 CRITICAL Uncaught Exception: Invalid data: {"data":["Array","Array","Array","Array","Array"],"element":"Array"} in A:\xamp\htdocs\wordpress\wordpress\wp-content\plugins\elementor\core\base\document.php:864
Stack trace:
#0 A:\xamp\htdocs\wordpress\wordpress\wp-content\plugins\astra-sites\inc\importers\batch-processing\class-astra-sites-batch-processing-elementor.php(122): Elementor\Core\Base\Document->get_elements_raw_data(Array, true)
#1 A:\xamp\htdocs\wordpress\wordpress\wp-content\plugins\astra-sites\inc\importers\batch-processing\class-astra-sites-batch-processing-elementor.php(66): Elementor\TemplateLibrary\Astra_Sites_Batch_Processing_Elementor->import_single_post(542)
#2 A:\xamp\htdocs\wordpress\wordpress\wp-content\plugins\astra-sites\inc\importers\batch-processing\helpers\class-wp-background-process-astra.php(41): Elementor\TemplateLibrary\Astra_Sites_Batch_Processing_Elementor->import()
#3 A:\xamp\htdocs\wordpress\wordpress\wp-content\plugins\woocommerce\includes\libraries\wp-background-process.php(301): WP_Background_Process_Astra->task(Object(Elementor\TemplateLibrary\Astra_Sites_Batch_Processing_Elementor))
#4 A:\xamp\htdocs\wordpress\wordpress\wp-content\plugins\woocommerce\includes\libraries\wp-background-process.php(447): WP_Background_Process->handle()
#5 A:\xamp\htdocs\wordpress\wordpress\wp-includes\class-wp-hook.php(307): WP_Background_Process->handle_cron_healthcheck()
#6 A:\xamp\htdocs\wordpress\wordpress\wp-includes\class-wp-hook.php(331): WP_Hook->apply_filters('', Array)
#7 A:\xamp\htdocs\wordpress\wordpress\wp-includes\plugin.php(522): WP_Hook->do_action(Array)
#8 A:\xamp\htdocs\wordpress\wordpress\wp-cron.php(138): do_action_ref_array('wp_image_proces...', Array)
#9 {main}
  thrown in A:\xamp\htdocs\wordpress\wordpress\wp-content\plugins\elementor\core\base\document.php on line 864

2022-02-15T15:58:09+00:00 CRITICAL Uncaught Exception: Invalid data: {"data":["Array","Array","Array","Array","Array"],"element":"Array"} in A:\xamp\htdocs\wordpress\wordpress\wp-content\plugins\elementor\core\base\document.php:864
Stack trace:
#0 A:\xamp\htdocs\wordpress\wordpress\wp-content\plugins\astra-sites\inc\importers\batch-processing\class-astra-sites-batch-processing-elementor.php(122): Elementor\Core\Base\Document->get_elements_raw_data(Array, true)
#1 A:\xamp\htdocs\wordpress\wordpress\wp-content\plugins\astra-sites\inc\importers\batch-processing\class-astra-sites-batch-processing-elementor.php(66): Elementor\TemplateLibrary\Astra_Sites_Batch_Processing_Elementor->import_single_post(542)
#2 A:\xamp\htdocs\wordpress\wordpress\wp-content\plugins\astra-sites\inc\importers\batch-processing\helpers\class-wp-background-process-astra.php(41): Elementor\TemplateLibrary\Astra_Sites_Batch_Processing_Elementor->import()
#3 A:\xamp\htdocs\wordpress\wordpress\wp-content\plugins\woocommerce\includes\libraries\wp-background-process.php(301): WP_Background_Process_Astra->task(Object(Elementor\TemplateLibrary\Astra_Sites_Batch_Processing_Elementor))
#4 A:\xamp\htdocs\wordpress\wordpress\wp-content\plugins\woocommerce\includes\libraries\wp-background-process.php(447): WP_Background_Process->handle()
#5 A:\xamp\htdocs\wordpress\wordpress\wp-includes\class-wp-hook.php(307): WP_Background_Process->handle_cron_healthcheck()
#6 A:\xamp\htdocs\wordpress\wordpress\wp-includes\class-wp-hook.php(331): WP_Hook->apply_filters('', Array)
#7 A:\xamp\htdocs\wordpress\wordpress\wp-includes\plugin.php(522): WP_Hook->do_action(Array)
#8 A:\xamp\htdocs\wordpress\wordpress\wp-cron.php(138): do_action_ref_array('wp_image_proces...', Array)
#9 {main}
  thrown in A:\xamp\htdocs\wordpress\wordpress\wp-content\plugins\elementor\core\base\document.php on line 864

2022-02-15T16:02:17+00:00 CRITICAL Uncaught Exception: Invalid data: {"data":["Array","Array","Array","Array","Array"],"element":"Array"} in A:\xamp\htdocs\wordpress\wordpress\wp-content\plugins\elementor\core\base\document.php:864
Stack trace:
#0 A:\xamp\htdocs\wordpress\wordpress\wp-content\plugins\astra-sites\inc\importers\batch-processing\class-astra-sites-batch-processing-elementor.php(122): Elementor\Core\Base\Document->get_elements_raw_data(Array, true)
#1 A:\xamp\htdocs\wordpress\wordpress\wp-content\plugins\astra-sites\inc\importers\batch-processing\class-astra-sites-batch-processing-elementor.php(66): Elementor\TemplateLibrary\Astra_Sites_Batch_Processing_Elementor->import_single_post(542)
#2 A:\xamp\htdocs\wordpress\wordpress\wp-content\plugins\astra-sites\inc\importers\batch-processing\helpers\class-wp-background-process-astra.php(41): Elementor\TemplateLibrary\Astra_Sites_Batch_Processing_Elementor->import()
#3 A:\xamp\htdocs\wordpress\wordpress\wp-content\plugins\woocommerce\includes\libraries\wp-background-process.php(301): WP_Background_Process_Astra->task(Object(Elementor\TemplateLibrary\Astra_Sites_Batch_Processing_Elementor))
#4 A:\xamp\htdocs\wordpress\wordpress\wp-content\plugins\woocommerce\includes\libraries\wp-background-process.php(447): WP_Background_Process->handle()
#5 A:\xamp\htdocs\wordpress\wordpress\wp-includes\class-wp-hook.php(307): WP_Background_Process->handle_cron_healthcheck()
#6 A:\xamp\htdocs\wordpress\wordpress\wp-includes\class-wp-hook.php(331): WP_Hook->apply_filters('', Array)
#7 A:\xamp\htdocs\wordpress\wordpress\wp-includes\plugin.php(522): WP_Hook->do_action(Array)
#8 A:\xamp\htdocs\wordpress\wordpress\wp-cron.php(138): do_action_ref_array('wp_image_proces...', Array)
#9 {main}
  thrown in A:\xamp\htdocs\wordpress\wordpress\wp-content\plugins\elementor\core\base\document.php on line 864

2022-02-15T16:07:20+00:00 CRITICAL Uncaught Exception: Invalid data: {"data":["Array","Array","Array","Array","Array"],"element":"Array"} in A:\xamp\htdocs\wordpress\wordpress\wp-content\plugins\elementor\core\base\document.php:864
Stack trace:
#0 A:\xamp\htdocs\wordpress\wordpress\wp-content\plugins\astra-sites\inc\importers\batch-processing\class-astra-sites-batch-processing-elementor.php(122): Elementor\Core\Base\Document->get_elements_raw_data(Array, true)
#1 A:\xamp\htdocs\wordpress\wordpress\wp-content\plugins\astra-sites\inc\importers\batch-processing\class-astra-sites-batch-processing-elementor.php(66): Elementor\TemplateLibrary\Astra_Sites_Batch_Processing_Elementor->import_single_post(542)
#2 A:\xamp\htdocs\wordpress\wordpress\wp-content\plugins\astra-sites\inc\importers\batch-processing\helpers\class-wp-background-process-astra.php(41): Elementor\TemplateLibrary\Astra_Sites_Batch_Processing_Elementor->import()
#3 A:\xamp\htdocs\wordpress\wordpress\wp-content\plugins\woocommerce\includes\libraries\wp-background-process.php(301): WP_Background_Process_Astra->task(Object(Elementor\TemplateLibrary\Astra_Sites_Batch_Processing_Elementor))
#4 A:\xamp\htdocs\wordpress\wordpress\wp-content\plugins\woocommerce\includes\libraries\wp-background-process.php(447): WP_Background_Process->handle()
#5 A:\xamp\htdocs\wordpress\wordpress\wp-includes\class-wp-hook.php(307): WP_Background_Process->handle_cron_healthcheck()
#6 A:\xamp\htdocs\wordpress\wordpress\wp-includes\class-wp-hook.php(331): WP_Hook->apply_filters('', Array)
#7 A:\xamp\htdocs\wordpress\wordpress\wp-includes\plugin.php(522): WP_Hook->do_action(Array)
#8 A:\xamp\htdocs\wordpress\wordpress\wp-cron.php(138): do_action_ref_array('wp_image_proces...', Array)
#9 {main}
  thrown in A:\xamp\htdocs\wordpress\wordpress\wp-content\plugins\elementor\core\base\document.php on line 864

2022-02-15T16:12:54+00:00 CRITICAL Uncaught Exception: Invalid data: {"data":["Array","Array","Array","Array","Array"],"element":"Array"} in A:\xamp\htdocs\wordpress\wordpress\wp-content\plugins\elementor\core\base\document.php:864
Stack trace:
#0 A:\xamp\htdocs\wordpress\wordpress\wp-content\plugins\astra-sites\inc\importers\batch-processing\class-astra-sites-batch-processing-elementor.php(122): Elementor\Core\Base\Document->get_elements_raw_data(Array, true)
#1 A:\xamp\htdocs\wordpress\wordpress\wp-content\plugins\astra-sites\inc\importers\batch-processing\class-astra-sites-batch-processing-elementor.php(66): Elementor\TemplateLibrary\Astra_Sites_Batch_Processing_Elementor->import_single_post(542)
#2 A:\xamp\htdocs\wordpress\wordpress\wp-content\plugins\astra-sites\inc\importers\batch-processing\helpers\class-wp-background-process-astra.php(41): Elementor\TemplateLibrary\Astra_Sites_Batch_Processing_Elementor->import()
#3 A:\xamp\htdocs\wordpress\wordpress\wp-content\plugins\woocommerce\includes\libraries\wp-background-process.php(301): WP_Background_Process_Astra->task(Object(Elementor\TemplateLibrary\Astra_Sites_Batch_Processing_Elementor))
#4 A:\xamp\htdocs\wordpress\wordpress\wp-content\plugins\woocommerce\includes\libraries\wp-background-process.php(447): WP_Background_Process->handle()
#5 A:\xamp\htdocs\wordpress\wordpress\wp-includes\class-wp-hook.php(307): WP_Background_Process->handle_cron_healthcheck()
#6 A:\xamp\htdocs\wordpress\wordpress\wp-includes\class-wp-hook.php(331): WP_Hook->apply_filters('', Array)
#7 A:\xamp\htdocs\wordpress\wordpress\wp-includes\plugin.php(522): WP_Hook->do_action(Array)
#8 A:\xamp\htdocs\wordpress\wordpress\wp-cron.php(138): do_action_ref_array('wp_image_proces...', Array)
#9 {main}
  thrown in A:\xamp\htdocs\wordpress\wordpress\wp-content\plugins\elementor\core\base\document.php on line 864

2022-02-15T16:18:20+00:00 CRITICAL Uncaught Exception: Invalid data: {"data":["Array","Array","Array","Array","Array"],"element":"Array"} in A:\xamp\htdocs\wordpress\wordpress\wp-content\plugins\elementor\core\base\document.php:864
Stack trace:
#0 A:\xamp\htdocs\wordpress\wordpress\wp-content\plugins\astra-sites\inc\importers\batch-processing\class-astra-sites-batch-processing-elementor.php(122): Elementor\Core\Base\Document->get_elements_raw_data(Array, true)
#1 A:\xamp\htdocs\wordpress\wordpress\wp-content\plugins\astra-sites\inc\importers\batch-processing\class-astra-sites-batch-processing-elementor.php(66): Elementor\TemplateLibrary\Astra_Sites_Batch_Processing_Elementor->import_single_post(542)
#2 A:\xamp\htdocs\wordpress\wordpress\wp-content\plugins\astra-sites\inc\importers\batch-processing\helpers\class-wp-background-process-astra.php(41): Elementor\TemplateLibrary\Astra_Sites_Batch_Processing_Elementor->import()
#3 A:\xamp\htdocs\wordpress\wordpress\wp-content\plugins\woocommerce\includes\libraries\wp-background-process.php(301): WP_Background_Process_Astra->task(Object(Elementor\TemplateLibrary\Astra_Sites_Batch_Processing_Elementor))
#4 A:\xamp\htdocs\wordpress\wordpress\wp-content\plugins\woocommerce\includes\libraries\wp-background-process.php(447): WP_Background_Process->handle()
#5 A:\xamp\htdocs\wordpress\wordpress\wp-includes\class-wp-hook.php(307): WP_Background_Process->handle_cron_healthcheck()
#6 A:\xamp\htdocs\wordpress\wordpress\wp-includes\class-wp-hook.php(331): WP_Hook->apply_filters('', Array)
#7 A:\xamp\htdocs\wordpress\wordpress\wp-includes\plugin.php(522): WP_Hook->do_action(Array)
#8 A:\xamp\htdocs\wordpress\wordpress\wp-cron.php(138): do_action_ref_array('wp_image_proces...', Array)
#9 {main}
  thrown in A:\xamp\htdocs\wordpress\wordpress\wp-content\plugins\elementor\core\base\document.php on line 864

2022-02-15T16:22:29+00:00 CRITICAL Uncaught Exception: Invalid data: {"data":["Array","Array","Array","Array","Array"],"element":"Array"} in A:\xamp\htdocs\wordpress\wordpress\wp-content\plugins\elementor\core\base\document.php:864
Stack trace:
#0 A:\xamp\htdocs\wordpress\wordpress\wp-content\plugins\astra-sites\inc\importers\batch-processing\class-astra-sites-batch-processing-elementor.php(122): Elementor\Core\Base\Document->get_elements_raw_data(Array, true)
#1 A:\xamp\htdocs\wordpress\wordpress\wp-content\plugins\astra-sites\inc\importers\batch-processing\class-astra-sites-batch-processing-elementor.php(66): Elementor\TemplateLibrary\Astra_Sites_Batch_Processing_Elementor->import_single_post(542)
#2 A:\xamp\htdocs\wordpress\wordpress\wp-content\plugins\astra-sites\inc\importers\batch-processing\helpers\class-wp-background-process-astra.php(41): Elementor\TemplateLibrary\Astra_Sites_Batch_Processing_Elementor->import()
#3 A:\xamp\htdocs\wordpress\wordpress\wp-content\plugins\woocommerce\includes\libraries\wp-background-process.php(301): WP_Background_Process_Astra->task(Object(Elementor\TemplateLibrary\Astra_Sites_Batch_Processing_Elementor))
#4 A:\xamp\htdocs\wordpress\wordpress\wp-content\plugins\woocommerce\includes\libraries\wp-background-process.php(447): WP_Background_Process->handle()
#5 A:\xamp\htdocs\wordpress\wordpress\wp-includes\class-wp-hook.php(307): WP_Background_Process->handle_cron_healthcheck()
#6 A:\xamp\htdocs\wordpress\wordpress\wp-includes\class-wp-hook.php(331): WP_Hook->apply_filters('', Array)
#7 A:\xamp\htdocs\wordpress\wordpress\wp-includes\plugin.php(522): WP_Hook->do_action(Array)
#8 A:\xamp\htdocs\wordpress\wordpress\wp-cron.php(138): do_action_ref_array('wp_image_proces...', Array)
#9 {main}
  thrown in A:\xamp\htdocs\wordpress\wordpress\wp-content\plugins\elementor\core\base\document.php on line 864

2022-02-15T16:27:33+00:00 CRITICAL Uncaught Exception: Invalid data: {"data":["Array","Array","Array","Array","Array"],"element":"Array"} in A:\xamp\htdocs\wordpress\wordpress\wp-content\plugins\elementor\core\base\document.php:864
Stack trace:
#0 A:\xamp\htdocs\wordpress\wordpress\wp-content\plugins\astra-sites\inc\importers\batch-processing\class-astra-sites-batch-processing-elementor.php(122): Elementor\Core\Base\Document->get_elements_raw_data(Array, true)
#1 A:\xamp\htdocs\wordpress\wordpress\wp-content\plugins\astra-sites\inc\importers\batch-processing\class-astra-sites-batch-processing-elementor.php(66): Elementor\TemplateLibrary\Astra_Sites_Batch_Processing_Elementor->import_single_post(542)
#2 A:\xamp\htdocs\wordpress\wordpress\wp-content\plugins\astra-sites\inc\importers\batch-processing\helpers\class-wp-background-process-astra.php(41): Elementor\TemplateLibrary\Astra_Sites_Batch_Processing_Elementor->import()
#3 A:\xamp\htdocs\wordpress\wordpress\wp-content\plugins\woocommerce\includes\libraries\wp-background-process.php(301): WP_Background_Process_Astra->task(Object(Elementor\TemplateLibrary\Astra_Sites_Batch_Processing_Elementor))
#4 A:\xamp\htdocs\wordpress\wordpress\wp-content\plugins\woocommerce\includes\libraries\wp-background-process.php(447): WP_Background_Process->handle()
#5 A:\xamp\htdocs\wordpress\wordpress\wp-includes\class-wp-hook.php(307): WP_Background_Process->handle_cron_healthcheck()
#6 A:\xamp\htdocs\wordpress\wordpress\wp-includes\class-wp-hook.php(331): WP_Hook->apply_filters('', Array)
#7 A:\xamp\htdocs\wordpress\wordpress\wp-includes\plugin.php(522): WP_Hook->do_action(Array)
#8 A:\xamp\htdocs\wordpress\wordpress\wp-cron.php(138): do_action_ref_array('wp_image_proces...', Array)
#9 {main}
  thrown in A:\xamp\htdocs\wordpress\wordpress\wp-content\plugins\elementor\core\base\document.php on line 864

